SF:D:\Softwares\ProjetoIntegrador\CarStoreManager\Domain\ValueObjects\Ano.cs
FN:4,System.Int32 CarStoreManager.Domain.ValueObjects.Ano::get_Valor()
FNDA:3,System.Int32 CarStoreManager.Domain.ValueObjects.Ano::get_Valor()
DA:5,3
FN:6,System.Void CarStoreManager.Domain.ValueObjects.Ano::.ctor(System.Int32)
FNDA:6,System.Void CarStoreManager.Domain.ValueObjects.Ano::.ctor(System.Int32)
DA:7,6
DA:8,6
DA:9,6
DA:11,6
DA:12,3
DA:14,3
DA:15,3
BRDA:11,28,0,4
BRDA:11,28,1,2
BRDA:11,39,0,3
BRDA:11,39,1,3
LF:8
LH:8
BRF:4
BRH:4
FNF:2
FNH:2
end_of_record
SF:D:\Softwares\ProjetoIntegrador\CarStoreManager\Domain\ValueObjects\Cpf.cs
FN:4,System.String CarStoreManager.Domain.ValueObjects.Cpf::get_Numero()
FNDA:3,System.String CarStoreManager.Domain.ValueObjects.Cpf::get_Numero()
DA:5,3
FN:15,System.String CarStoreManager.Domain.ValueObjects.Cpf::Limpar(System.String)
FNDA:12,System.String CarStoreManager.Domain.ValueObjects.Cpf::Limpar(System.String)
DA:16,12
DA:17,12
DA:18,12
DA:19,12
DA:20,12
FN:22,System.Boolean CarStoreManager.Domain.ValueObjects.Cpf::Validar(System.String)
FNDA:10,System.Boolean CarStoreManager.Domain.ValueObjects.Cpf::Validar(System.String)
DA:23,10
DA:24,10
DA:25,1
DA:27,9
DA:29,9
DA:30,1
DA:32,42
DA:33,2
DA:35,72
DA:37,6
DA:38,120
DA:39,54
DA:41,6
DA:42,6
DA:44,6
DA:45,0
DA:47,6
DA:48,132
DA:49,60
DA:51,6
DA:52,6
DA:54,6
DA:55,10
BRDA:24,29,0,1
BRDA:24,29,1,9
BRDA:29,78,0,1
BRDA:29,78,1,8
BRDA:32,115,0,2
BRDA:32,115,1,6
BRDA:38,209,1,54
BRDA:38,209,0,6
BRDA:42,218,0,5
BRDA:42,218,1,1
BRDA:44,244,0,0
BRDA:44,244,1,6
BRDA:48,287,1,60
BRDA:48,287,0,6
BRDA:52,296,0,6
BRDA:52,296,1,0
FN:57,System.String CarStoreManager.Domain.ValueObjects.Cpf::ToString()
FNDA:1,System.String CarStoreManager.Domain.ValueObjects.Cpf::ToString()
DA:58,1
DA:59,1
DA:60,1
FN:6,System.Void CarStoreManager.Domain.ValueObjects.Cpf::.ctor(System.String)
FNDA:4,System.Void CarStoreManager.Domain.ValueObjects.Cpf::.ctor(System.String)
DA:7,4
DA:8,4
DA:9,4
DA:10,1
DA:12,3
DA:13,3
BRDA:9,19,0,1
BRDA:9,19,1,3
LF:38
LH:37
BRF:18
BRH:16
FNF:5
FNH:5
end_of_record
SF:D:\Softwares\ProjetoIntegrador\CarStoreManager\Domain\ValueObjects\DadosFuncionario.cs
FN:6,CarStoreManager.Domain.Enums.NivelFuncionario CarStoreManager.Domain.ValueObjects.DadosFuncionario::get_Nivel()
FNDA:5,CarStoreManager.Domain.Enums.NivelFuncionario CarStoreManager.Domain.ValueObjects.DadosFuncionario::get_Nivel()
DA:7,5
FN:7,System.DateTime CarStoreManager.Domain.ValueObjects.DadosFuncionario::get_DataContratacao()
FNDA:11,System.DateTime CarStoreManager.Domain.ValueObjects.DadosFuncionario::get_DataContratacao()
DA:8,11
FN:21,System.Int32 CarStoreManager.Domain.ValueObjects.DadosFuncionario::GetAnosEmpresa()
FNDA:3,System.Int32 CarStoreManager.Domain.ValueObjects.DadosFuncionario::GetAnosEmpresa()
DA:22,3
DA:23,3
DA:24,3
DA:26,3
DA:27,0
DA:29,3
DA:30,3
BRDA:26,53,0,0
BRDA:26,53,1,3
FN:9,System.Void CarStoreManager.Domain.ValueObjects.DadosFuncionario::.ctor()
FNDA:0,System.Void CarStoreManager.Domain.ValueObjects.DadosFuncionario::.ctor()
DA:10,0
FN:11,System.Void CarStoreManager.Domain.ValueObjects.DadosFuncionario::.ctor(CarStoreManager.Domain.Enums.NivelFuncionario,System.DateTime)
FNDA:5,System.Void CarStoreManager.Domain.ValueObjects.DadosFuncionario::.ctor(CarStoreManager.Domain.Enums.NivelFuncionario,System.DateTime)
DA:12,5
DA:13,5
DA:14,5
DA:15,1
DA:17,4
DA:18,4
DA:19,4
BRDA:14,21,0,1
BRDA:14,21,1,4
LF:17
LH:15
BRF:4
BRH:3
FNF:5
FNH:4
end_of_record
SF:D:\Softwares\ProjetoIntegrador\CarStoreManager\Domain\ValueObjects\Dinheiro.cs
FN:4,System.Decimal CarStoreManager.Domain.ValueObjects.Dinheiro::get_Valor()
FNDA:65,System.Decimal CarStoreManager.Domain.ValueObjects.Dinheiro::get_Valor()
DA:5,65
FN:19,CarStoreManager.Domain.ValueObjects.Dinheiro CarStoreManager.Domain.ValueObjects.Dinheiro::Somar(CarStoreManager.Domain.ValueObjects.Dinheiro)
FNDA:2,CarStoreManager.Domain.ValueObjects.Dinheiro CarStoreManager.Domain.ValueObjects.Dinheiro::Somar(CarStoreManager.Domain.ValueObjects.Dinheiro)
DA:20,2
DA:21,2
DA:22,2
DA:23,2
FN:25,CarStoreManager.Domain.ValueObjects.Dinheiro CarStoreManager.Domain.ValueObjects.Dinheiro::Subtrair(CarStoreManager.Domain.ValueObjects.Dinheiro)
FNDA:8,CarStoreManager.Domain.ValueObjects.Dinheiro CarStoreManager.Domain.ValueObjects.Dinheiro::Subtrair(CarStoreManager.Domain.ValueObjects.Dinheiro)
DA:26,8
DA:27,8
DA:29,8
DA:31,8
DA:32,1
DA:34,7
DA:35,7
BRDA:31,39,0,1
BRDA:31,39,1,7
FN:37,CarStoreManager.Domain.ValueObjects.Dinheiro CarStoreManager.Domain.ValueObjects.Dinheiro::Multiplicar(System.Int32)
FNDA:2,CarStoreManager.Domain.ValueObjects.Dinheiro CarStoreManager.Domain.ValueObjects.Dinheiro::Multiplicar(System.Int32)
DA:38,2
DA:39,2
DA:40,1
DA:42,1
DA:43,1
BRDA:39,7,0,1
BRDA:39,7,1,1
FN:45,CarStoreManager.Domain.ValueObjects.Dinheiro CarStoreManager.Domain.ValueObjects.Dinheiro::Dividir(System.Int32)
FNDA:2,CarStoreManager.Domain.ValueObjects.Dinheiro CarStoreManager.Domain.ValueObjects.Dinheiro::Dividir(System.Int32)
DA:46,2
DA:47,2
DA:48,1
DA:50,1
DA:51,1
BRDA:47,10,0,1
BRDA:47,10,1,1
FN:57,System.Boolean CarStoreManager.Domain.ValueObjects.Dinheiro::MaiorQue(CarStoreManager.Domain.ValueObjects.Dinheiro)
FNDA:2,System.Boolean CarStoreManager.Domain.ValueObjects.Dinheiro::MaiorQue(CarStoreManager.Domain.ValueObjects.Dinheiro)
DA:58,2
DA:59,2
DA:60,2
DA:61,2
FN:63,System.Boolean CarStoreManager.Domain.ValueObjects.Dinheiro::MenorQue(CarStoreManager.Domain.ValueObjects.Dinheiro)
FNDA:0,System.Boolean CarStoreManager.Domain.ValueObjects.Dinheiro::MenorQue(CarStoreManager.Domain.ValueObjects.Dinheiro)
DA:64,0
DA:65,0
DA:66,0
DA:67,0
FN:69,System.Boolean CarStoreManager.Domain.ValueObjects.Dinheiro::Igual(CarStoreManager.Domain.ValueObjects.Dinheiro)
FNDA:0,System.Boolean CarStoreManager.Domain.ValueObjects.Dinheiro::Igual(CarStoreManager.Domain.ValueObjects.Dinheiro)
DA:70,0
DA:71,0
DA:72,0
DA:73,0
FN:79,CarStoreManager.Domain.ValueObjects.Dinheiro CarStoreManager.Domain.ValueObjects.Dinheiro::op_Addition(CarStoreManager.Domain.ValueObjects.Dinheiro,CarStoreManager.Domain.ValueObjects.Dinheiro)
FNDA:1,CarStoreManager.Domain.ValueObjects.Dinheiro CarStoreManager.Domain.ValueObjects.Dinheiro::op_Addition(CarStoreManager.Domain.ValueObjects.Dinheiro,CarStoreManager.Domain.ValueObjects.Dinheiro)
DA:80,1
FN:82,CarStoreManager.Domain.ValueObjects.Dinheiro CarStoreManager.Domain.ValueObjects.Dinheiro::op_Subtraction(CarStoreManager.Domain.ValueObjects.Dinheiro,CarStoreManager.Domain.ValueObjects.Dinheiro)
FNDA:0,CarStoreManager.Domain.ValueObjects.Dinheiro CarStoreManager.Domain.ValueObjects.Dinheiro::op_Subtraction(CarStoreManager.Domain.ValueObjects.Dinheiro,CarStoreManager.Domain.ValueObjects.Dinheiro)
DA:83,0
FN:85,CarStoreManager.Domain.ValueObjects.Dinheiro CarStoreManager.Domain.ValueObjects.Dinheiro::op_Multiply(CarStoreManager.Domain.ValueObjects.Dinheiro,System.Int32)
FNDA:0,CarStoreManager.Domain.ValueObjects.Dinheiro CarStoreManager.Domain.ValueObjects.Dinheiro::op_Multiply(CarStoreManager.Domain.ValueObjects.Dinheiro,System.Int32)
DA:86,0
FN:88,CarStoreManager.Domain.ValueObjects.Dinheiro CarStoreManager.Domain.ValueObjects.Dinheiro::op_Division(CarStoreManager.Domain.ValueObjects.Dinheiro,System.Int32)
FNDA:0,CarStoreManager.Domain.ValueObjects.Dinheiro CarStoreManager.Domain.ValueObjects.Dinheiro::op_Division(CarStoreManager.Domain.ValueObjects.Dinheiro,System.Int32)
DA:89,0
FN:91,System.Boolean CarStoreManager.Domain.ValueObjects.Dinheiro::op_GreaterThan(CarStoreManager.Domain.ValueObjects.Dinheiro,CarStoreManager.Domain.ValueObjects.Dinheiro)
FNDA:1,System.Boolean CarStoreManager.Domain.ValueObjects.Dinheiro::op_GreaterThan(CarStoreManager.Domain.ValueObjects.Dinheiro,CarStoreManager.Domain.ValueObjects.Dinheiro)
DA:92,1
FN:94,System.Boolean CarStoreManager.Domain.ValueObjects.Dinheiro::op_LessThan(CarStoreManager.Domain.ValueObjects.Dinheiro,CarStoreManager.Domain.ValueObjects.Dinheiro)
FNDA:0,System.Boolean CarStoreManager.Domain.ValueObjects.Dinheiro::op_LessThan(CarStoreManager.Domain.ValueObjects.Dinheiro,CarStoreManager.Domain.ValueObjects.Dinheiro)
DA:95,0
FN:97,System.Boolean CarStoreManager.Domain.ValueObjects.Dinheiro::op_Equality(CarStoreManager.Domain.ValueObjects.Dinheiro,CarStoreManager.Domain.ValueObjects.Dinheiro)
FNDA:1,System.Boolean CarStoreManager.Domain.ValueObjects.Dinheiro::op_Equality(CarStoreManager.Domain.ValueObjects.Dinheiro,CarStoreManager.Domain.ValueObjects.Dinheiro)
DA:98,1
FN:100,System.Boolean CarStoreManager.Domain.ValueObjects.Dinheiro::op_Inequality(CarStoreManager.Domain.ValueObjects.Dinheiro,CarStoreManager.Domain.ValueObjects.Dinheiro)
FNDA:0,System.Boolean CarStoreManager.Domain.ValueObjects.Dinheiro::op_Inequality(CarStoreManager.Domain.ValueObjects.Dinheiro,CarStoreManager.Domain.ValueObjects.Dinheiro)
DA:101,0
FN:107,System.Boolean CarStoreManager.Domain.ValueObjects.Dinheiro::Equals(CarStoreManager.Domain.ValueObjects.Dinheiro)
FNDA:4,System.Boolean CarStoreManager.Domain.ValueObjects.Dinheiro::Equals(CarStoreManager.Domain.ValueObjects.Dinheiro)
DA:108,4
DA:109,4
DA:110,4
DA:111,4
BRDA:109,7,0,0
BRDA:109,7,1,4
FN:113,System.Boolean CarStoreManager.Domain.ValueObjects.Dinheiro::Equals(System.Object)
FNDA:4,System.Boolean CarStoreManager.Domain.ValueObjects.Dinheiro::Equals(System.Object)
DA:114,4
BRDA:114,8,0,4
BRDA:114,8,1,0
FN:116,System.Int32 CarStoreManager.Domain.ValueObjects.Dinheiro::GetHashCode()
FNDA:0,System.Int32 CarStoreManager.Domain.ValueObjects.Dinheiro::GetHashCode()
DA:117,0
FN:123,System.String CarStoreManager.Domain.ValueObjects.Dinheiro::ToString()
FNDA:1,System.String CarStoreManager.Domain.ValueObjects.Dinheiro::ToString()
DA:124,1
FN:126,System.Void CarStoreManager.Domain.ValueObjects.Dinheiro::ValidarOutro(CarStoreManager.Domain.ValueObjects.Dinheiro)
FNDA:12,System.Void CarStoreManager.Domain.ValueObjects.Dinheiro::ValidarOutro(CarStoreManager.Domain.ValueObjects.Dinheiro)
DA:127,12
DA:128,12
DA:129,0
DA:130,12
BRDA:128,7,0,0
BRDA:128,7,1,12
FN:6,System.Void CarStoreManager.Domain.ValueObjects.Dinheiro::.ctor(System.Decimal)
FNDA:52,System.Void CarStoreManager.Domain.ValueObjects.Dinheiro::.ctor(System.Decimal)
DA:7,52
DA:8,52
DA:9,52
DA:10,1
DA:12,51
DA:13,51
BRDA:9,21,0,1
BRDA:9,21,1,51
LF:59
LH:44
BRF:14
BRH:11
FNF:22
FNH:14
end_of_record
SF:D:\Softwares\ProjetoIntegrador\CarStoreManager\Domain\ValueObjects\Email.cs
FN:6,System.String CarStoreManager.Domain.ValueObjects.Email::get_Endereco()
FNDA:11,System.String CarStoreManager.Domain.ValueObjects.Email::get_Endereco()
DA:7,11
FN:31,System.Boolean CarStoreManager.Domain.ValueObjects.Email::Equals(CarStoreManager.Domain.ValueObjects.Email)
FNDA:3,System.Boolean CarStoreManager.Domain.ValueObjects.Email::Equals(CarStoreManager.Domain.ValueObjects.Email)
DA:32,3
DA:33,3
DA:34,3
DA:35,3
BRDA:33,7,0,0
BRDA:33,7,1,3
FN:37,System.Boolean CarStoreManager.Domain.ValueObjects.Email::Equals(System.Object)
FNDA:2,System.Boolean CarStoreManager.Domain.ValueObjects.Email::Equals(System.Object)
DA:38,2
BRDA:38,8,0,2
BRDA:38,8,1,0
FN:40,System.Int32 CarStoreManager.Domain.ValueObjects.Email::GetHashCode()
FNDA:2,System.Int32 CarStoreManager.Domain.ValueObjects.Email::GetHashCode()
DA:41,2
FN:43,System.Boolean CarStoreManager.Domain.ValueObjects.Email::op_Equality(CarStoreManager.Domain.ValueObjects.Email,CarStoreManager.Domain.ValueObjects.Email)
FNDA:1,System.Boolean CarStoreManager.Domain.ValueObjects.Email::op_Equality(CarStoreManager.Domain.ValueObjects.Email,CarStoreManager.Domain.ValueObjects.Email)
DA:44,1
DA:45,1
DA:46,1
DA:47,1
DA:48,1
BRDA:45,7,0,0
BRDA:45,7,1,1
BRDA:46,14,0,1
BRDA:46,14,1,0
BRDA:46,25,0,0
BRDA:46,25,1,1
FN:50,System.Boolean CarStoreManager.Domain.ValueObjects.Email::op_Inequality(CarStoreManager.Domain.ValueObjects.Email,CarStoreManager.Domain.ValueObjects.Email)
FNDA:1,System.Boolean CarStoreManager.Domain.ValueObjects.Email::op_Inequality(CarStoreManager.Domain.ValueObjects.Email,CarStoreManager.Domain.ValueObjects.Email)
DA:51,1
FN:57,System.String CarStoreManager.Domain.ValueObjects.Email::ToString()
FNDA:1,System.String CarStoreManager.Domain.ValueObjects.Email::ToString()
DA:58,1
FN:13,System.Void CarStoreManager.Domain.ValueObjects.Email::.ctor(System.String)
FNDA:16,System.Void CarStoreManager.Domain.ValueObjects.Email::.ctor(System.String)
DA:14,16
DA:15,16
DA:16,16
DA:17,2
DA:19,14
DA:21,14
DA:22,5
DA:24,9
DA:25,9
BRDA:16,16,0,2
BRDA:16,16,1,14
BRDA:21,58,0,5
BRDA:21,58,1,9
FN:8,System.Void CarStoreManager.Domain.ValueObjects.Email::.cctor()
FNDA:1,System.Void CarStoreManager.Domain.ValueObjects.Email::.cctor()
DA:9,1
DA:10,1
DA:11,1
DA:12,1
LF:27
LH:27
BRF:14
BRH:9
FNF:9
FNH:9
end_of_record
SF:D:\Softwares\ProjetoIntegrador\CarStoreManager\Domain\ValueObjects\Financiamento.cs
FN:6,CarStoreManager.Domain.ValueObjects.Dinheiro CarStoreManager.Domain.ValueObjects.Financiamento::get_ValorTotal()
FNDA:7,CarStoreManager.Domain.ValueObjects.Dinheiro CarStoreManager.Domain.ValueObjects.Financiamento::get_ValorTotal()
DA:7,7
FN:7,CarStoreManager.Domain.ValueObjects.Dinheiro CarStoreManager.Domain.ValueObjects.Financiamento::get_Entrada()
FNDA:7,CarStoreManager.Domain.ValueObjects.Dinheiro CarStoreManager.Domain.ValueObjects.Financiamento::get_Entrada()
DA:8,7
FN:8,CarStoreManager.Domain.ValueObjects.Parcelas CarStoreManager.Domain.ValueObjects.Financiamento::get_Parcelas()
FNDA:4,CarStoreManager.Domain.ValueObjects.Parcelas CarStoreManager.Domain.ValueObjects.Financiamento::get_Parcelas()
DA:9,4
FN:10,CarStoreManager.Domain.ValueObjects.Dinheiro CarStoreManager.Domain.ValueObjects.Financiamento::get_ValorFinanciado()
FNDA:6,CarStoreManager.Domain.ValueObjects.Dinheiro CarStoreManager.Domain.ValueObjects.Financiamento::get_ValorFinanciado()
DA:11,6
FN:12,CarStoreManager.Domain.ValueObjects.Dinheiro CarStoreManager.Domain.ValueObjects.Financiamento::get_ValorParcela()
FNDA:3,CarStoreManager.Domain.ValueObjects.Dinheiro CarStoreManager.Domain.ValueObjects.Financiamento::get_ValorParcela()
DA:13,3
FN:28,CarStoreManager.Domain.ValueObjects.Dinheiro CarStoreManager.Domain.ValueObjects.Financiamento::CalcularValorParcela()
FNDA:3,CarStoreManager.Domain.ValueObjects.Dinheiro CarStoreManager.Domain.ValueObjects.Financiamento::CalcularValorParcela()
DA:29,3
DA:30,3
DA:31,3
DA:32,3
FN:14,System.Void CarStoreManager.Domain.ValueObjects.Financiamento::.ctor(CarStoreManager.Domain.ValueObjects.Dinheiro,CarStoreManager.Domain.ValueObjects.Parcelas,CarStoreManager.Domain.ValueObjects.Dinheiro)
FNDA:7,System.Void CarStoreManager.Domain.ValueObjects.Financiamento::.ctor(CarStoreManager.Domain.ValueObjects.Dinheiro,CarStoreManager.Domain.ValueObjects.Parcelas,CarStoreManager.Domain.ValueObjects.Dinheiro)
DA:15,7
DA:16,7
DA:17,7
DA:18,0
DA:20,7
DA:21,1
DA:23,6
DA:24,6
DA:25,6
DA:26,6
BRDA:17,9,0,7
BRDA:17,12,0,7
BRDA:17,9,1,0
BRDA:17,12,1,0
BRDA:17,23,0,0
BRDA:17,23,1,7
BRDA:20,55,0,1
BRDA:20,55,1,6
LF:19
LH:18
BRF:8
BRH:5
FNF:7
FNH:7
end_of_record
SF:D:\Softwares\ProjetoIntegrador\CarStoreManager\Domain\ValueObjects\Parcelas.cs
FN:4,System.Int32 CarStoreManager.Domain.ValueObjects.Parcelas::get_Quantidade()
FNDA:3,System.Int32 CarStoreManager.Domain.ValueObjects.Parcelas::get_Quantidade()
DA:5,3
FN:6,System.Void CarStoreManager.Domain.ValueObjects.Parcelas::.ctor(System.Int32)
FNDA:7,System.Void CarStoreManager.Domain.ValueObjects.Parcelas::.ctor(System.Int32)
DA:7,7
DA:8,7
DA:9,7
DA:10,0
DA:12,7
DA:13,7
BRDA:9,10,0,7
BRDA:9,10,1,0
BRDA:9,22,0,0
BRDA:9,22,1,7
LF:7
LH:6
BRF:4
BRH:2
FNF:2
FNH:2
end_of_record
SF:D:\Softwares\ProjetoIntegrador\CarStoreManager\Domain\ValueObjects\Percentual.cs
FN:4,System.Decimal CarStoreManager.Domain.ValueObjects.Percentual::get_Valor()
FNDA:0,System.Decimal CarStoreManager.Domain.ValueObjects.Percentual::get_Valor()
DA:5,0
FN:12,CarStoreManager.Domain.ValueObjects.Percentual CarStoreManager.Domain.ValueObjects.Percentual::Criar(System.Decimal)
FNDA:0,CarStoreManager.Domain.ValueObjects.Percentual CarStoreManager.Domain.ValueObjects.Percentual::Criar(System.Decimal)
DA:13,0
DA:14,0
DA:15,0
DA:17,0
DA:18,0
BRDA:14,12,0,0
BRDA:14,12,1,0
BRDA:14,32,0,0
BRDA:14,32,1,0
FN:19,CarStoreManager.Domain.ValueObjects.Percentual CarStoreManager.Domain.ValueObjects.Percentual::Zero()
FNDA:0,CarStoreManager.Domain.ValueObjects.Percentual CarStoreManager.Domain.ValueObjects.Percentual::Zero()
DA:20,0
FN:26,CarStoreManager.Domain.ValueObjects.Dinheiro CarStoreManager.Domain.ValueObjects.Percentual::CalcularValor(CarStoreManager.Domain.ValueObjects.Dinheiro)
FNDA:0,CarStoreManager.Domain.ValueObjects.Dinheiro CarStoreManager.Domain.ValueObjects.Percentual::CalcularValor(CarStoreManager.Domain.ValueObjects.Dinheiro)
DA:27,0
DA:28,0
DA:29,0
DA:30,0
FN:32,System.Decimal CarStoreManager.Domain.ValueObjects.Percentual::ParaDecimal()
FNDA:0,System.Decimal CarStoreManager.Domain.ValueObjects.Percentual::ParaDecimal()
DA:33,0
FN:39,System.Boolean CarStoreManager.Domain.ValueObjects.Percentual::Equals(CarStoreManager.Domain.ValueObjects.Percentual)
FNDA:0,System.Boolean CarStoreManager.Domain.ValueObjects.Percentual::Equals(CarStoreManager.Domain.ValueObjects.Percentual)
DA:40,0
DA:41,0
DA:42,0
DA:43,0
BRDA:41,7,0,0
BRDA:41,7,1,0
FN:45,System.Boolean CarStoreManager.Domain.ValueObjects.Percentual::Equals(System.Object)
FNDA:0,System.Boolean CarStoreManager.Domain.ValueObjects.Percentual::Equals(System.Object)
DA:46,0
BRDA:46,8,0,0
BRDA:46,8,1,0
FN:48,System.Int32 CarStoreManager.Domain.ValueObjects.Percentual::GetHashCode()
FNDA:0,System.Int32 CarStoreManager.Domain.ValueObjects.Percentual::GetHashCode()
DA:49,0
FN:51,System.Boolean CarStoreManager.Domain.ValueObjects.Percentual::op_Equality(CarStoreManager.Domain.ValueObjects.Percentual,CarStoreManager.Domain.ValueObjects.Percentual)
FNDA:0,System.Boolean CarStoreManager.Domain.ValueObjects.Percentual::op_Equality(CarStoreManager.Domain.ValueObjects.Percentual,CarStoreManager.Domain.ValueObjects.Percentual)
DA:52,0
FN:54,System.Boolean CarStoreManager.Domain.ValueObjects.Percentual::op_Inequality(CarStoreManager.Domain.ValueObjects.Percentual,CarStoreManager.Domain.ValueObjects.Percentual)
FNDA:0,System.Boolean CarStoreManager.Domain.ValueObjects.Percentual::op_Inequality(CarStoreManager.Domain.ValueObjects.Percentual,CarStoreManager.Domain.ValueObjects.Percentual)
DA:55,0
FN:57,System.String CarStoreManager.Domain.ValueObjects.Percentual::ToString()
FNDA:0,System.String CarStoreManager.Domain.ValueObjects.Percentual::ToString()
DA:58,0
FN:6,System.Void CarStoreManager.Domain.ValueObjects.Percentual::.ctor(System.Decimal)
FNDA:0,System.Void CarStoreManager.Domain.ValueObjects.Percentual::.ctor(System.Decimal)
DA:7,0
DA:8,0
DA:9,0
DA:10,0
LF:25
LH:0
BRF:8
BRH:0
FNF:12
FNH:0
end_of_record
SF:D:\Softwares\ProjetoIntegrador\CarStoreManager\Domain\ValueObjects\PlacaVeiculo.cs
FN:6,System.String CarStoreManager.Domain.ValueObjects.PlacaVeiculo::get_Valor()
FNDA:0,System.String CarStoreManager.Domain.ValueObjects.PlacaVeiculo::get_Valor()
DA:7,0
FN:17,System.String CarStoreManager.Domain.ValueObjects.PlacaVeiculo::Normalizar(System.String)
FNDA:0,System.String CarStoreManager.Domain.ValueObjects.PlacaVeiculo::Normalizar(System.String)
DA:18,0
DA:19,0
DA:20,0
DA:21,0
DA:22,0
FN:24,System.Boolean CarStoreManager.Domain.ValueObjects.PlacaVeiculo::Validar(System.String)
FNDA:0,System.Boolean CarStoreManager.Domain.ValueObjects.PlacaVeiculo::Validar(System.String)
DA:25,0
DA:26,0
DA:27,0
DA:29,0
DA:32,0
DA:35,0
DA:37,0
DA:38,0
BRDA:26,9,0,0
BRDA:26,9,1,0
BRDA:37,57,0,0
BRDA:37,57,1,0
FN:40,System.String CarStoreManager.Domain.ValueObjects.PlacaVeiculo::ToString()
FNDA:0,System.String CarStoreManager.Domain.ValueObjects.PlacaVeiculo::ToString()
DA:41,0
DA:42,0
DA:43,0
FN:8,System.Void CarStoreManager.Domain.ValueObjects.PlacaVeiculo::.ctor(System.String)
FNDA:0,System.Void CarStoreManager.Domain.ValueObjects.PlacaVeiculo::.ctor(System.String)
DA:9,0
DA:10,0
DA:11,0
DA:12,0
DA:14,0
DA:15,0
BRDA:11,19,0,0
BRDA:11,19,1,0
LF:23
LH:0
BRF:6
BRH:0
FNF:5
FNH:0
end_of_record
SF:D:\Softwares\ProjetoIntegrador\CarStoreManager\Domain\ValueObjects\Quilometragem.cs
FN:4,System.Int32 CarStoreManager.Domain.ValueObjects.Quilometragem::get_Valor()
FNDA:0,System.Int32 CarStoreManager.Domain.ValueObjects.Quilometragem::get_Valor()
DA:5,0
FN:21,CarStoreManager.Domain.ValueObjects.Quilometragem CarStoreManager.Domain.ValueObjects.Quilometragem::Atualizar(System.Int32)
FNDA:0,CarStoreManager.Domain.ValueObjects.Quilometragem CarStoreManager.Domain.ValueObjects.Quilometragem::Atualizar(System.Int32)
DA:22,0
DA:23,0
DA:24,0
DA:26,0
DA:27,0
BRDA:23,12,0,0
BRDA:23,12,1,0
FN:29,CarStoreManager.Domain.ValueObjects.Quilometragem CarStoreManager.Domain.ValueObjects.Quilometragem::Adicionar(System.Int32)
FNDA:0,CarStoreManager.Domain.ValueObjects.Quilometragem CarStoreManager.Domain.ValueObjects.Quilometragem::Adicionar(System.Int32)
DA:30,0
DA:31,0
DA:32,0
DA:34,0
DA:35,0
BRDA:31,10,0,0
BRDA:31,10,1,0
FN:41,System.Boolean CarStoreManager.Domain.ValueObjects.Quilometragem::Equals(System.Object)
FNDA:0,System.Boolean CarStoreManager.Domain.ValueObjects.Quilometragem::Equals(System.Object)
DA:42,0
DA:43,0
DA:44,0
DA:46,0
DA:47,0
BRDA:43,17,0,0
BRDA:43,17,1,0
FN:49,System.Int32 CarStoreManager.Domain.ValueObjects.Quilometragem::GetHashCode()
FNDA:0,System.Int32 CarStoreManager.Domain.ValueObjects.Quilometragem::GetHashCode()
DA:50,0
FN:52,System.Boolean CarStoreManager.Domain.ValueObjects.Quilometragem::op_Equality(CarStoreManager.Domain.ValueObjects.Quilometragem,CarStoreManager.Domain.ValueObjects.Quilometragem)
FNDA:0,System.Boolean CarStoreManager.Domain.ValueObjects.Quilometragem::op_Equality(CarStoreManager.Domain.ValueObjects.Quilometragem,CarStoreManager.Domain.ValueObjects.Quilometragem)
DA:53,0
BRDA:53,1,0,0
BRDA:53,1,1,0
BRDA:53,27,0,0
BRDA:53,27,1,0
FN:55,System.Boolean CarStoreManager.Domain.ValueObjects.Quilometragem::op_Inequality(CarStoreManager.Domain.ValueObjects.Quilometragem,CarStoreManager.Domain.ValueObjects.Quilometragem)
FNDA:0,System.Boolean CarStoreManager.Domain.ValueObjects.Quilometragem::op_Inequality(CarStoreManager.Domain.ValueObjects.Quilometragem,CarStoreManager.Domain.ValueObjects.Quilometragem)
DA:56,0
FN:58,System.String CarStoreManager.Domain.ValueObjects.Quilometragem::ToString()
FNDA:0,System.String CarStoreManager.Domain.ValueObjects.Quilometragem::ToString()
DA:59,0
FN:6,System.Void CarStoreManager.Domain.ValueObjects.Quilometragem::.ctor()
FNDA:0,System.Void CarStoreManager.Domain.ValueObjects.Quilometragem::.ctor()
DA:7,0
FN:8,System.Void CarStoreManager.Domain.ValueObjects.Quilometragem::.ctor(System.Int32)
FNDA:0,System.Void CarStoreManager.Domain.ValueObjects.Quilometragem::.ctor(System.Int32)
DA:9,0
DA:10,0
DA:11,0
DA:12,0
DA:14,0
DA:15,0
BRDA:11,14,0,0
BRDA:11,14,1,0
LF:27
LH:0
BRF:12
BRH:0
FNF:10
FNH:0
end_of_record
SF:D:\Softwares\ProjetoIntegrador\CarStoreManager\Domain\ValueObjects\Telefone.cs
FN:6,System.String CarStoreManager.Domain.ValueObjects.Telefone::get_Numero()
FNDA:0,System.String CarStoreManager.Domain.ValueObjects.Telefone::get_Numero()
DA:7,0
FN:28,System.String CarStoreManager.Domain.ValueObjects.Telefone::RemoverMascara(System.String)
FNDA:0,System.String CarStoreManager.Domain.ValueObjects.Telefone::RemoverMascara(System.String)
DA:29,0
DA:30,0
DA:31,0
FN:33,System.Boolean CarStoreManager.Domain.ValueObjects.Telefone::EhValido(System.String)
FNDA:0,System.Boolean CarStoreManager.Domain.ValueObjects.Telefone::EhValido(System.String)
DA:34,0
DA:36,0
DA:37,0
BRDA:36,13,1,0
BRDA:36,13,0,0
FN:43,System.String CarStoreManager.Domain.ValueObjects.Telefone::Formatado()
FNDA:0,System.String CarStoreManager.Domain.ValueObjects.Telefone::Formatado()
DA:44,0
DA:45,0
DA:46,0
DA:47,0
DA:50,0
DA:51,0
BRDA:45,18,0,0
BRDA:45,18,1,0
FN:52,System.String CarStoreManager.Domain.ValueObjects.Telefone::ToString()
FNDA:0,System.String CarStoreManager.Domain.ValueObjects.Telefone::ToString()
DA:53,0
FN:59,System.Boolean CarStoreManager.Domain.ValueObjects.Telefone::Equals(System.Object)
FNDA:0,System.Boolean CarStoreManager.Domain.ValueObjects.Telefone::Equals(System.Object)
DA:60,0
DA:61,0
DA:62,0
DA:64,0
DA:65,0
BRDA:61,17,0,0
BRDA:61,17,1,0
FN:67,System.Int32 CarStoreManager.Domain.ValueObjects.Telefone::GetHashCode()
FNDA:0,System.Int32 CarStoreManager.Domain.ValueObjects.Telefone::GetHashCode()
DA:68,0
FN:70,System.Boolean CarStoreManager.Domain.ValueObjects.Telefone::op_Equality(CarStoreManager.Domain.ValueObjects.Telefone,CarStoreManager.Domain.ValueObjects.Telefone)
FNDA:0,System.Boolean CarStoreManager.Domain.ValueObjects.Telefone::op_Equality(CarStoreManager.Domain.ValueObjects.Telefone,CarStoreManager.Domain.ValueObjects.Telefone)
DA:71,0
BRDA:71,1,0,0
BRDA:71,1,1,0
BRDA:71,13,0,0
BRDA:71,13,1,0
FN:73,System.Boolean CarStoreManager.Domain.ValueObjects.Telefone::op_Inequality(CarStoreManager.Domain.ValueObjects.Telefone,CarStoreManager.Domain.ValueObjects.Telefone)
FNDA:0,System.Boolean CarStoreManager.Domain.ValueObjects.Telefone::op_Inequality(CarStoreManager.Domain.ValueObjects.Telefone,CarStoreManager.Domain.ValueObjects.Telefone)
DA:74,0
FN:8,System.Void CarStoreManager.Domain.ValueObjects.Telefone::.ctor()
FNDA:0,System.Void CarStoreManager.Domain.ValueObjects.Telefone::.ctor()
DA:9,0
FN:10,System.Void CarStoreManager.Domain.ValueObjects.Telefone::.ctor(System.String)
FNDA:0,System.Void CarStoreManager.Domain.ValueObjects.Telefone::.ctor(System.String)
DA:11,0
DA:12,0
DA:13,0
DA:14,0
DA:16,0
DA:18,0
DA:19,0
DA:21,0
DA:22,0
BRDA:13,23,0,0
BRDA:13,23,1,0
BRDA:18,54,0,0
BRDA:18,54,1,0
LF:32
LH:0
BRF:14
BRH:0
FNF:11
FNH:0
end_of_record
SF:D:\Softwares\ProjetoIntegrador\CarStoreManager\Domain\ValueObjects\ValorHora.cs
FN:4,System.Decimal CarStoreManager.Domain.ValueObjects.ValorHora::get_Valor()
FNDA:0,System.Decimal CarStoreManager.Domain.ValueObjects.ValorHora::get_Valor()
DA:5,0
FN:21,CarStoreManager.Domain.ValueObjects.Dinheiro CarStoreManager.Domain.ValueObjects.ValorHora::Calcular(System.Int32)
FNDA:0,CarStoreManager.Domain.ValueObjects.Dinheiro CarStoreManager.Domain.ValueObjects.ValorHora::Calcular(System.Int32)
DA:22,0
DA:23,0
DA:24,0
DA:26,0
DA:27,0
BRDA:23,10,0,0
BRDA:23,10,1,0
FN:29,CarStoreManager.Domain.ValueObjects.ValorHora CarStoreManager.Domain.ValueObjects.ValorHora::Atualizar(System.Decimal)
FNDA:0,CarStoreManager.Domain.ValueObjects.ValorHora CarStoreManager.Domain.ValueObjects.ValorHora::Atualizar(System.Decimal)
DA:30,0
DA:31,0
DA:32,0
FN:38,System.Decimal CarStoreManager.Domain.ValueObjects.ValorHora::op_Implicit(CarStoreManager.Domain.ValueObjects.ValorHora)
FNDA:0,System.Decimal CarStoreManager.Domain.ValueObjects.ValorHora::op_Implicit(CarStoreManager.Domain.ValueObjects.ValorHora)
DA:39,0
FN:41,System.String CarStoreManager.Domain.ValueObjects.ValorHora::ToString()
FNDA:0,System.String CarStoreManager.Domain.ValueObjects.ValorHora::ToString()
DA:42,0
FN:6,System.Void CarStoreManager.Domain.ValueObjects.ValorHora::.ctor()
FNDA:0,System.Void CarStoreManager.Domain.ValueObjects.ValorHora::.ctor()
DA:7,0
FN:8,System.Void CarStoreManager.Domain.ValueObjects.ValorHora::.ctor(System.Decimal)
FNDA:0,System.Void CarStoreManager.Domain.ValueObjects.ValorHora::.ctor(System.Decimal)
DA:9,0
DA:10,0
DA:11,0
DA:12,0
DA:14,0
DA:15,0
BRDA:11,21,0,0
BRDA:11,21,1,0
LF:18
LH:0
BRF:4
BRH:0
FNF:7
FNH:0
end_of_record
SF:D:\Softwares\ProjetoIntegrador\CarStoreManager\Domain\Services\Oficina\ChecklistTemplate.cs
FN:55,System.Collections.Generic.List`1<System.String> CarStoreManager.Domain.Services.Oficina.ChecklistTemplates::ObterPorTipo(CarStoreManager.Domain.Enums.TipoServico)
FNDA:0,System.Collections.Generic.List`1<System.String> CarStoreManager.Domain.Services.Oficina.ChecklistTemplates::ObterPorTipo(CarStoreManager.Domain.Enums.TipoServico)
DA:56,0
DA:57,0
DA:58,0
BRDA:57,14,0,0
BRDA:57,14,1,0
FN:8,System.Void CarStoreManager.Domain.Services.Oficina.ChecklistTemplates::.cctor()
FNDA:0,System.Void CarStoreManager.Domain.Services.Oficina.ChecklistTemplates::.cctor()
DA:9,0
DA:10,0
DA:11,0
DA:12,0
DA:13,0
DA:14,0
DA:15,0
DA:16,0
DA:17,0
DA:18,0
DA:19,0
DA:20,0
DA:21,0
DA:22,0
DA:23,0
DA:24,0
DA:25,0
DA:26,0
DA:27,0
DA:28,0
DA:29,0
DA:30,0
DA:31,0
DA:32,0
DA:33,0
DA:34,0
DA:35,0
DA:36,0
DA:37,0
DA:38,0
DA:39,0
DA:40,0
DA:41,0
DA:42,0
DA:43,0
DA:44,0
DA:45,0
DA:46,0
DA:47,0
DA:48,0
DA:49,0
DA:50,0
DA:51,0
DA:52,0
DA:53,0
LF:48
LH:0
BRF:2
BRH:0
FNF:2
FNH:0
end_of_record
SF:D:\Softwares\ProjetoIntegrador\CarStoreManager\Domain\Exceptions\DomainException.cs
FN:4,System.Void CarStoreManager.Domain.Exceptions.DomainException::.ctor()
FNDA:0,System.Void CarStoreManager.Domain.Exceptions.DomainException::.ctor()
DA:5,0
FN:7,System.Void CarStoreManager.Domain.Exceptions.DomainException::.ctor(System.String)
FNDA:0,System.Void CarStoreManager.Domain.Exceptions.DomainException::.ctor(System.String)
DA:8,0
DA:9,0
DA:10,0
FN:12,System.Void CarStoreManager.Domain.Exceptions.DomainException::.ctor(System.String,System.Exception)
FNDA:0,System.Void CarStoreManager.Domain.Exceptions.DomainException::.ctor(System.String,System.Exception)
DA:13,0
DA:14,0
DA:15,0
LF:7
LH:0
BRF:0
BRH:0
FNF:3
FNH:0
end_of_record
SF:D:\Softwares\ProjetoIntegrador\CarStoreManager\Domain\Exceptions\EstoqueInsuficienteException.cs
FN:5,System.Void CarStoreManager.Domain.Exceptions.EstoqueInsuficienteException::.ctor(System.String)
FNDA:0,System.Void CarStoreManager.Domain.Exceptions.EstoqueInsuficienteException::.ctor(System.String)
DA:6,0
DA:7,0
DA:8,0
LF:3
LH:0
BRF:0
BRH:0
FNF:1
FNH:0
end_of_record
SF:D:\Softwares\ProjetoIntegrador\CarStoreManager\Domain\Exceptions\PropostaInvalidaException.cs
FN:5,System.Void CarStoreManager.Domain.Exceptions.PropostaInvalidaException::.ctor(System.String)
FNDA:0,System.Void CarStoreManager.Domain.Exceptions.PropostaInvalidaException::.ctor(System.String)
DA:6,0
DA:7,0
DA:8,0
LF:3
LH:0
BRF:0
BRH:0
FNF:1
FNH:0
end_of_record
SF:D:\Softwares\ProjetoIntegrador\CarStoreManager\Domain\Entities\Admin.cs
FN:9,System.Void CarStoreManager.Domain.Entities.Admin::.ctor()
FNDA:0,System.Void CarStoreManager.Domain.Entities.Admin::.ctor()
DA:10,0
FN:16,System.Void CarStoreManager.Domain.Entities.Admin::.ctor(System.String,CarStoreManager.Domain.ValueObjects.Email,CarStoreManager.Domain.ValueObjects.Telefone,System.String)
FNDA:0,System.Void CarStoreManager.Domain.Entities.Admin::.ctor(System.String,CarStoreManager.Domain.ValueObjects.Email,CarStoreManager.Domain.ValueObjects.Telefone,System.String)
DA:17,0
DA:18,0
LF:3
LH:0
BRF:0
BRH:0
FNF:2
FNH:0
end_of_record
SF:D:\Softwares\ProjetoIntegrador\CarStoreManager\Domain\Entities\Cliente.cs
FN:7,System.String CarStoreManager.Domain.Entities.Cliente::get_Nome()
FNDA:0,System.String CarStoreManager.Domain.Entities.Cliente::get_Nome()
DA:8,0
FN:8,CarStoreManager.Domain.ValueObjects.Email CarStoreManager.Domain.Entities.Cliente::get_Email()
FNDA:0,CarStoreManager.Domain.ValueObjects.Email CarStoreManager.Domain.Entities.Cliente::get_Email()
DA:9,0
FN:9,CarStoreManager.Domain.ValueObjects.Telefone CarStoreManager.Domain.Entities.Cliente::get_Telefone()
FNDA:0,CarStoreManager.Domain.ValueObjects.Telefone CarStoreManager.Domain.Entities.Cliente::get_Telefone()
DA:10,0
FN:10,CarStoreManager.Domain.ValueObjects.Cpf CarStoreManager.Domain.Entities.Cliente::get_CPF()
FNDA:0,CarStoreManager.Domain.ValueObjects.Cpf CarStoreManager.Domain.Entities.Cliente::get_CPF()
DA:11,0
FN:27,System.String CarStoreManager.Domain.Entities.Cliente::GetEmail()
FNDA:0,System.String CarStoreManager.Domain.Entities.Cliente::GetEmail()
DA:28,0
DA:29,0
DA:30,0
FN:32,System.String CarStoreManager.Domain.Entities.Cliente::GetTelefone()
FNDA:0,System.String CarStoreManager.Domain.Entities.Cliente::GetTelefone()
DA:33,0
DA:34,0
DA:35,0
FN:37,System.String CarStoreManager.Domain.Entities.Cliente::GetCpf()
FNDA:0,System.String CarStoreManager.Domain.Entities.Cliente::GetCpf()
DA:38,0
DA:39,0
DA:40,0
FN:46,System.Void CarStoreManager.Domain.Entities.Cliente::DefinirNome(System.String)
FNDA:0,System.Void CarStoreManager.Domain.Entities.Cliente::DefinirNome(System.String)
DA:47,0
DA:48,0
DA:49,0
DA:51,0
DA:52,0
BRDA:48,9,0,0
BRDA:48,9,1,0
FN:54,System.Void CarStoreManager.Domain.Entities.Cliente::AtualizarEmail(CarStoreManager.Domain.ValueObjects.Email)
FNDA:0,System.Void CarStoreManager.Domain.Entities.Cliente::AtualizarEmail(CarStoreManager.Domain.ValueObjects.Email)
DA:55,0
DA:56,0
DA:57,0
FN:59,System.Void CarStoreManager.Domain.Entities.Cliente::AtualizarTelefone(CarStoreManager.Domain.ValueObjects.Telefone)
FNDA:0,System.Void CarStoreManager.Domain.Entities.Cliente::AtualizarTelefone(CarStoreManager.Domain.ValueObjects.Telefone)
DA:60,0
DA:61,0
DA:62,0
FN:64,System.Void CarStoreManager.Domain.Entities.Cliente::AtualizarDados(CarStoreManager.Domain.ValueObjects.Telefone,CarStoreManager.Domain.ValueObjects.Email)
FNDA:0,System.Void CarStoreManager.Domain.Entities.Cliente::AtualizarDados(CarStoreManager.Domain.ValueObjects.Telefone,CarStoreManager.Domain.ValueObjects.Email)
DA:65,0
DA:66,0
DA:67,0
DA:68,0
FN:12,System.Void CarStoreManager.Domain.Entities.Cliente::.ctor()
FNDA:0,System.Void CarStoreManager.Domain.Entities.Cliente::.ctor()
DA:13,0
FN:14,System.Void CarStoreManager.Domain.Entities.Cliente::.ctor(System.String,CarStoreManager.Domain.ValueObjects.Cpf,CarStoreManager.Domain.ValueObjects.Telefone,CarStoreManager.Domain.ValueObjects.Email)
FNDA:0,System.Void CarStoreManager.Domain.Entities.Cliente::.ctor(System.String,CarStoreManager.Domain.ValueObjects.Cpf,CarStoreManager.Domain.ValueObjects.Telefone,CarStoreManager.Domain.ValueObjects.Email)
DA:15,0
DA:16,0
DA:17,0
DA:18,0
DA:19,0
DA:20,0
DA:21,0
LF:36
LH:0
BRF:2
BRH:0
FNF:13
FNH:0
end_of_record
SF:D:\Softwares\ProjetoIntegrador\CarStoreManager\Domain\Entities\Usuario.cs
FN:10,System.String CarStoreManager.Domain.Entities.Usuario::get_Nome()
FNDA:0,System.String CarStoreManager.Domain.Entities.Usuario::get_Nome()
DA:11,0
FN:11,CarStoreManager.Domain.ValueObjects.Email CarStoreManager.Domain.Entities.Usuario::get_Email()
FNDA:0,CarStoreManager.Domain.ValueObjects.Email CarStoreManager.Domain.Entities.Usuario::get_Email()
DA:12,0
FN:12,CarStoreManager.Domain.ValueObjects.Telefone CarStoreManager.Domain.Entities.Usuario::get_Telefone()
FNDA:0,CarStoreManager.Domain.ValueObjects.Telefone CarStoreManager.Domain.Entities.Usuario::get_Telefone()
DA:13,0
FN:13,System.String CarStoreManager.Domain.Entities.Usuario::get_SenhaHash()
FNDA:0,System.String CarStoreManager.Domain.Entities.Usuario::get_SenhaHash()
DA:14,0
FN:14,CarStoreManager.Domain.Enums.RoleUsuario CarStoreManager.Domain.Entities.Usuario::get_Role()
FNDA:0,CarStoreManager.Domain.Enums.RoleUsuario CarStoreManager.Domain.Entities.Usuario::get_Role()
DA:15,0
FN:15,System.Boolean CarStoreManager.Domain.Entities.Usuario::get_Ativo()
FNDA:0,System.Boolean CarStoreManager.Domain.Entities.Usuario::get_Ativo()
DA:16,0
FN:16,System.DateTime CarStoreManager.Domain.Entities.Usuario::get_DataCriacao()
FNDA:0,System.DateTime CarStoreManager.Domain.Entities.Usuario::get_DataCriacao()
DA:17,0
FN:44,System.String CarStoreManager.Domain.Entities.Usuario::GetNome()
FNDA:0,System.String CarStoreManager.Domain.Entities.Usuario::GetNome()
DA:45,0
FN:45,System.String CarStoreManager.Domain.Entities.Usuario::GetEmail()
FNDA:0,System.String CarStoreManager.Domain.Entities.Usuario::GetEmail()
DA:46,0
FN:46,System.String CarStoreManager.Domain.Entities.Usuario::GetTelefone()
FNDA:0,System.String CarStoreManager.Domain.Entities.Usuario::GetTelefone()
DA:47,0
FN:47,System.String CarStoreManager.Domain.Entities.Usuario::GetRole()
FNDA:0,System.String CarStoreManager.Domain.Entities.Usuario::GetRole()
DA:48,0
FN:54,System.Void CarStoreManager.Domain.Entities.Usuario::AlterarNome(System.String)
FNDA:0,System.Void CarStoreManager.Domain.Entities.Usuario::AlterarNome(System.String)
DA:55,0
DA:56,0
DA:57,0
DA:58,0
DA:59,0
BRDA:56,9,0,0
BRDA:56,9,1,0
FN:61,System.Void CarStoreManager.Domain.Entities.Usuario::AlterarEmail(CarStoreManager.Domain.ValueObjects.Email)
FNDA:0,System.Void CarStoreManager.Domain.Entities.Usuario::AlterarEmail(CarStoreManager.Domain.ValueObjects.Email)
DA:62,0
BRDA:62,3,0,0
BRDA:62,3,1,0
FN:64,System.Void CarStoreManager.Domain.Entities.Usuario::AlterarTelefone(CarStoreManager.Domain.ValueObjects.Telefone)
FNDA:0,System.Void CarStoreManager.Domain.Entities.Usuario::AlterarTelefone(CarStoreManager.Domain.ValueObjects.Telefone)
DA:65,0
BRDA:65,3,0,0
BRDA:65,3,1,0
FN:67,System.Void CarStoreManager.Domain.Entities.Usuario::AlterarSenha(System.String)
FNDA:0,System.Void CarStoreManager.Domain.Entities.Usuario::AlterarSenha(System.String)
DA:68,0
DA:69,0
DA:70,0
DA:71,0
DA:72,0
BRDA:69,9,0,0
BRDA:69,9,1,0
FN:74,System.Void CarStoreManager.Domain.Entities.Usuario::Desativar()
FNDA:0,System.Void CarStoreManager.Domain.Entities.Usuario::Desativar()
DA:75,0
DA:76,0
DA:77,0
DA:78,0
DA:79,0
BRDA:76,12,0,0
BRDA:76,12,1,0
FN:81,System.Void CarStoreManager.Domain.Entities.Usuario::Reativar()
FNDA:0,System.Void CarStoreManager.Domain.Entities.Usuario::Reativar()
DA:82,0
DA:83,0
DA:84,0
DA:85,0
DA:86,0
BRDA:83,9,0,0
BRDA:83,9,1,0
FN:18,System.Void CarStoreManager.Domain.Entities.Usuario::.ctor()
FNDA:0,System.Void CarStoreManager.Domain.Entities.Usuario::.ctor()
DA:19,0
FN:20,System.Void CarStoreManager.Domain.Entities.Usuario::.ctor(System.String,CarStoreManager.Domain.ValueObjects.Email,CarStoreManager.Domain.ValueObjects.Telefone,System.String,CarStoreManager.Domain.Enums.RoleUsuario)
FNDA:0,System.Void CarStoreManager.Domain.Entities.Usuario::.ctor(System.String,CarStoreManager.Domain.ValueObjects.Email,CarStoreManager.Domain.ValueObjects.Telefone,System.String,CarStoreManager.Domain.Enums.RoleUsuario)
DA:21,0
DA:22,0
DA:23,0
DA:24,0
DA:25,0
DA:26,0
DA:27,0
DA:28,0
DA:29,0
DA:30,0
DA:32,0
DA:33,0
DA:35,0
DA:36,0
DA:37,0
DA:38,0
DA:39,0
BRDA:29,47,0,0
BRDA:29,47,1,0
BRDA:30,70,0,0
BRDA:30,70,1,0
BRDA:32,99,0,0
BRDA:32,99,1,0
LF:51
LH:0
BRF:18
BRH:0
FNF:19
FNH:0
end_of_record
SF:D:\Softwares\ProjetoIntegrador\CarStoreManager\Domain\Entities\Oficina\ChecklistItem.cs
FN:9,System.Guid CarStoreManager.Domain.Entities.Oficina.ChecklistItem::get_OrdemServicoId()
FNDA:0,System.Guid CarStoreManager.Domain.Entities.Oficina.ChecklistItem::get_OrdemServicoId()
DA:10,0
FN:10,System.String CarStoreManager.Domain.Entities.Oficina.ChecklistItem::get_Titulo()
FNDA:0,System.String CarStoreManager.Domain.Entities.Oficina.ChecklistItem::get_Titulo()
DA:11,0
FN:11,System.String CarStoreManager.Domain.Entities.Oficina.ChecklistItem::get_Descricao()
FNDA:0,System.String CarStoreManager.Domain.Entities.Oficina.ChecklistItem::get_Descricao()
DA:12,0
FN:12,CarStoreManager.Domain.Enums.StatusChecklistItem CarStoreManager.Domain.Entities.Oficina.ChecklistItem::get_Status()
FNDA:0,CarStoreManager.Domain.Enums.StatusChecklistItem CarStoreManager.Domain.Entities.Oficina.ChecklistItem::get_Status()
DA:13,0
FN:13,CarStoreManager.Domain.Enums.OrigemChecklistItem CarStoreManager.Domain.Entities.Oficina.ChecklistItem::get_Origem()
FNDA:0,CarStoreManager.Domain.Enums.OrigemChecklistItem CarStoreManager.Domain.Entities.Oficina.ChecklistItem::get_Origem()
DA:14,0
FN:14,System.Int32 CarStoreManager.Domain.Entities.Oficina.ChecklistItem::get_OrdemExibicao()
FNDA:0,System.Int32 CarStoreManager.Domain.Entities.Oficina.ChecklistItem::get_OrdemExibicao()
DA:15,0
FN:35,System.Void CarStoreManager.Domain.Entities.Oficina.ChecklistItem::IniciarItem()
FNDA:0,System.Void CarStoreManager.Domain.Entities.Oficina.ChecklistItem::IniciarItem()
DA:36,0
DA:37,0
DA:38,0
DA:40,0
DA:41,0
BRDA:37,15,0,0
BRDA:37,15,1,0
FN:43,System.Void CarStoreManager.Domain.Entities.Oficina.ChecklistItem::ConcluirItem()
FNDA:0,System.Void CarStoreManager.Domain.Entities.Oficina.ChecklistItem::ConcluirItem()
DA:44,0
DA:45,0
DA:46,0
DA:48,0
DA:49,0
BRDA:45,12,0,0
BRDA:45,12,1,0
FN:51,System.Void CarStoreManager.Domain.Entities.Oficina.ChecklistItem::AtualizarDescricao(System.String)
FNDA:0,System.Void CarStoreManager.Domain.Entities.Oficina.ChecklistItem::AtualizarDescricao(System.String)
DA:52,0
DA:53,0
DA:54,0
DA:56,0
DA:57,0
DA:59,0
DA:60,0
BRDA:53,12,0,0
BRDA:53,12,1,0
BRDA:56,33,0,0
BRDA:56,33,1,0
FN:16,System.Void CarStoreManager.Domain.Entities.Oficina.ChecklistItem::.ctor()
FNDA:0,System.Void CarStoreManager.Domain.Entities.Oficina.ChecklistItem::.ctor()
DA:17,0
FN:18,System.Void CarStoreManager.Domain.Entities.Oficina.ChecklistItem::.ctor(System.Guid,System.String,CarStoreManager.Domain.Enums.OrigemChecklistItem,System.Int32)
FNDA:0,System.Void CarStoreManager.Domain.Entities.Oficina.ChecklistItem::.ctor(System.Guid,System.String,CarStoreManager.Domain.Enums.OrigemChecklistItem,System.Int32)
DA:19,0
DA:20,0
DA:21,0
DA:22,0
DA:23,0
DA:24,0
DA:25,0
DA:26,0
DA:28,0
DA:29,0
DA:30,0
DA:31,0
DA:32,0
DA:33,0
BRDA:25,30,0,0
BRDA:25,30,1,0
LF:38
LH:0
BRF:10
BRH:0
FNF:11
FNH:0
end_of_record
SF:D:\Softwares\ProjetoIntegrador\CarStoreManager\Domain\Entities\Oficina\Componente.cs
FN:10,System.String CarStoreManager.Domain.Entities.Oficina.Componente::get_Nome()
FNDA:0,System.String CarStoreManager.Domain.Entities.Oficina.Componente::get_Nome()
DA:11,0
FN:11,System.String CarStoreManager.Domain.Entities.Oficina.Componente::get_Modelo()
FNDA:0,System.String CarStoreManager.Domain.Entities.Oficina.Componente::get_Modelo()
DA:12,0
FN:12,CarStoreManager.Domain.Enums.SistemaComponente CarStoreManager.Domain.Entities.Oficina.Componente::get_Sistema()
FNDA:0,CarStoreManager.Domain.Enums.SistemaComponente CarStoreManager.Domain.Entities.Oficina.Componente::get_Sistema()
DA:13,0
FN:14,CarStoreManager.Domain.ValueObjects.Dinheiro CarStoreManager.Domain.Entities.Oficina.Componente::get_Valor()
FNDA:0,CarStoreManager.Domain.ValueObjects.Dinheiro CarStoreManager.Domain.Entities.Oficina.Componente::get_Valor()
DA:15,0
FN:16,System.Int32 CarStoreManager.Domain.Entities.Oficina.Componente::get_QuantidadeEstoque()
FNDA:0,System.Int32 CarStoreManager.Domain.Entities.Oficina.Componente::get_QuantidadeEstoque()
DA:17,0
FN:17,System.Int32 CarStoreManager.Domain.Entities.Oficina.Componente::get_EstoqueMinimo()
FNDA:0,System.Int32 CarStoreManager.Domain.Entities.Oficina.Componente::get_EstoqueMinimo()
DA:18,0
FN:49,System.String CarStoreManager.Domain.Entities.Oficina.Componente::GetNome()
FNDA:0,System.String CarStoreManager.Domain.Entities.Oficina.Componente::GetNome()
DA:50,0
FN:50,System.String CarStoreManager.Domain.Entities.Oficina.Componente::GetModelo()
FNDA:0,System.String CarStoreManager.Domain.Entities.Oficina.Componente::GetModelo()
DA:51,0
FN:51,System.String CarStoreManager.Domain.Entities.Oficina.Componente::GetSistema()
FNDA:0,System.String CarStoreManager.Domain.Entities.Oficina.Componente::GetSistema()
DA:52,0
FN:52,System.Decimal CarStoreManager.Domain.Entities.Oficina.Componente::GetValor()
FNDA:0,System.Decimal CarStoreManager.Domain.Entities.Oficina.Componente::GetValor()
DA:53,0
FN:53,System.Int32 CarStoreManager.Domain.Entities.Oficina.Componente::GetQuantidade()
FNDA:0,System.Int32 CarStoreManager.Domain.Entities.Oficina.Componente::GetQuantidade()
DA:54,0
FN:54,System.Int32 CarStoreManager.Domain.Entities.Oficina.Componente::GetEstoqueMinimo()
FNDA:0,System.Int32 CarStoreManager.Domain.Entities.Oficina.Componente::GetEstoqueMinimo()
DA:55,0
FN:61,System.Void CarStoreManager.Domain.Entities.Oficina.Componente::DefinirNome(System.String)
FNDA:0,System.Void CarStoreManager.Domain.Entities.Oficina.Componente::DefinirNome(System.String)
DA:62,0
DA:63,0
DA:64,0
DA:66,0
DA:67,0
BRDA:63,9,0,0
BRDA:63,9,1,0
FN:69,System.Void CarStoreManager.Domain.Entities.Oficina.Componente::DefinirModelo(System.String)
FNDA:0,System.Void CarStoreManager.Domain.Entities.Oficina.Componente::DefinirModelo(System.String)
DA:70,0
DA:71,0
DA:72,0
DA:74,0
DA:75,0
BRDA:71,9,0,0
BRDA:71,9,1,0
FN:77,System.Void CarStoreManager.Domain.Entities.Oficina.Componente::AtualizarValor(CarStoreManager.Domain.ValueObjects.Dinheiro)
FNDA:0,System.Void CarStoreManager.Domain.Entities.Oficina.Componente::AtualizarValor(CarStoreManager.Domain.ValueObjects.Dinheiro)
DA:78,0
DA:79,0
DA:80,0
FN:82,System.Void CarStoreManager.Domain.Entities.Oficina.Componente::DefinirEstoqueMinimo(System.Int32)
FNDA:0,System.Void CarStoreManager.Domain.Entities.Oficina.Componente::DefinirEstoqueMinimo(System.Int32)
DA:83,0
DA:84,0
DA:85,0
DA:87,0
DA:88,0
BRDA:84,7,0,0
BRDA:84,7,1,0
FN:95,System.Void CarStoreManager.Domain.Entities.Oficina.Componente::AtualizarDados(CarStoreManager.Domain.ValueObjects.Dinheiro,System.Int32,System.Int32)
FNDA:0,System.Void CarStoreManager.Domain.Entities.Oficina.Componente::AtualizarDados(CarStoreManager.Domain.ValueObjects.Dinheiro,System.Int32,System.Int32)
DA:96,0
DA:97,0
DA:98,0
DA:99,0
DA:100,0
FN:106,System.Void CarStoreManager.Domain.Entities.Oficina.Componente::AdicionarEstoque(System.Int32)
FNDA:0,System.Void CarStoreManager.Domain.Entities.Oficina.Componente::AdicionarEstoque(System.Int32)
DA:107,0
DA:108,0
DA:109,0
DA:111,0
DA:112,0
BRDA:108,10,0,0
BRDA:108,10,1,0
FN:114,System.Void CarStoreManager.Domain.Entities.Oficina.Componente::RemoverEstoque(System.Int32)
FNDA:0,System.Void CarStoreManager.Domain.Entities.Oficina.Componente::RemoverEstoque(System.Int32)
DA:115,0
DA:116,0
DA:117,0
DA:119,0
DA:120,0
DA:122,0
DA:123,0
BRDA:116,10,0,0
BRDA:116,10,1,0
BRDA:119,34,0,0
BRDA:119,34,1,0
FN:125,System.Boolean CarStoreManager.Domain.Entities.Oficina.Componente::EstoqueBaixo()
FNDA:0,System.Boolean CarStoreManager.Domain.Entities.Oficina.Componente::EstoqueBaixo()
DA:126,0
DA:127,0
DA:128,0
FN:130,System.Boolean CarStoreManager.Domain.Entities.Oficina.Componente::TemEstoque(System.Int32)
FNDA:0,System.Boolean CarStoreManager.Domain.Entities.Oficina.Componente::TemEstoque(System.Int32)
DA:131,0
DA:132,0
DA:133,0
FN:19,System.Void CarStoreManager.Domain.Entities.Oficina.Componente::.ctor()
FNDA:0,System.Void CarStoreManager.Domain.Entities.Oficina.Componente::.ctor()
DA:20,0
FN:21,System.Void CarStoreManager.Domain.Entities.Oficina.Componente::.ctor(System.String,System.String,CarStoreManager.Domain.Enums.SistemaComponente,CarStoreManager.Domain.ValueObjects.Dinheiro,System.Int32,System.Int32)
FNDA:0,System.Void CarStoreManager.Domain.Entities.Oficina.Componente::.ctor(System.String,System.String,CarStoreManager.Domain.Enums.SistemaComponente,CarStoreManager.Domain.ValueObjects.Dinheiro,System.Int32,System.Int32)
DA:22,0
DA:23,0
DA:24,0
DA:25,0
DA:26,0
DA:27,0
DA:28,0
DA:29,0
DA:30,0
DA:31,0
DA:33,0
DA:34,0
DA:36,0
DA:37,0
DA:39,0
DA:40,0
DA:42,0
DA:43,0
DA:44,0
BRDA:36,69,0,0
BRDA:36,69,1,0
BRDA:39,89,0,0
BRDA:39,89,1,0
LF:73
LH:0
BRF:16
BRH:0
FNF:23
FNH:0
end_of_record
SF:D:\Softwares\ProjetoIntegrador\CarStoreManager\Domain\Entities\Oficina\ItemOrdemServico.cs
FN:9,System.Guid CarStoreManager.Domain.Entities.Oficina.ItemOrdemServico::get_ComponenteId()
FNDA:0,System.Guid CarStoreManager.Domain.Entities.Oficina.ItemOrdemServico::get_ComponenteId()
DA:10,0
FN:10,System.Guid CarStoreManager.Domain.Entities.Oficina.ItemOrdemServico::get_OrdemServicoId()
FNDA:0,System.Guid CarStoreManager.Domain.Entities.Oficina.ItemOrdemServico::get_OrdemServicoId()
DA:11,0
FN:12,System.Int32 CarStoreManager.Domain.Entities.Oficina.ItemOrdemServico::get_Quantidade()
FNDA:0,System.Int32 CarStoreManager.Domain.Entities.Oficina.ItemOrdemServico::get_Quantidade()
DA:13,0
FN:14,CarStoreManager.Domain.ValueObjects.Dinheiro CarStoreManager.Domain.Entities.Oficina.ItemOrdemServico::get_ValorUnitario()
FNDA:0,CarStoreManager.Domain.ValueObjects.Dinheiro CarStoreManager.Domain.Entities.Oficina.ItemOrdemServico::get_ValorUnitario()
DA:15,0
FN:15,CarStoreManager.Domain.ValueObjects.Dinheiro CarStoreManager.Domain.Entities.Oficina.ItemOrdemServico::get_ValorTotal()
FNDA:0,CarStoreManager.Domain.ValueObjects.Dinheiro CarStoreManager.Domain.Entities.Oficina.ItemOrdemServico::get_ValorTotal()
DA:16,0
FN:40,System.Guid CarStoreManager.Domain.Entities.Oficina.ItemOrdemServico::GetComponentId()
FNDA:0,System.Guid CarStoreManager.Domain.Entities.Oficina.ItemOrdemServico::GetComponentId()
DA:41,0
FN:41,System.Guid CarStoreManager.Domain.Entities.Oficina.ItemOrdemServico::GetOrdemServicoId()
FNDA:0,System.Guid CarStoreManager.Domain.Entities.Oficina.ItemOrdemServico::GetOrdemServicoId()
DA:42,0
FN:42,System.Int32 CarStoreManager.Domain.Entities.Oficina.ItemOrdemServico::GetQuantidade()
FNDA:0,System.Int32 CarStoreManager.Domain.Entities.Oficina.ItemOrdemServico::GetQuantidade()
DA:43,0
FN:43,System.Decimal CarStoreManager.Domain.Entities.Oficina.ItemOrdemServico::GetValorUnitario()
FNDA:0,System.Decimal CarStoreManager.Domain.Entities.Oficina.ItemOrdemServico::GetValorUnitario()
DA:44,0
FN:44,System.Decimal CarStoreManager.Domain.Entities.Oficina.ItemOrdemServico::GetValorTotal()
FNDA:0,System.Decimal CarStoreManager.Domain.Entities.Oficina.ItemOrdemServico::GetValorTotal()
DA:45,0
FN:51,System.Void CarStoreManager.Domain.Entities.Oficina.ItemOrdemServico::AlterarQuantidade(System.Int32)
FNDA:0,System.Void CarStoreManager.Domain.Entities.Oficina.ItemOrdemServico::AlterarQuantidade(System.Int32)
DA:52,0
DA:53,0
DA:54,0
DA:56,0
DA:57,0
DA:58,0
BRDA:53,10,0,0
BRDA:53,10,1,0
FN:60,System.Void CarStoreManager.Domain.Entities.Oficina.ItemOrdemServico::AtualizarValorUnitario(CarStoreManager.Domain.ValueObjects.Dinheiro)
FNDA:0,System.Void CarStoreManager.Domain.Entities.Oficina.ItemOrdemServico::AtualizarValorUnitario(CarStoreManager.Domain.ValueObjects.Dinheiro)
DA:61,0
DA:62,0
DA:63,0
DA:64,0
FN:66,System.Void CarStoreManager.Domain.Entities.Oficina.ItemOrdemServico::CalcularTotal()
FNDA:0,System.Void CarStoreManager.Domain.Entities.Oficina.ItemOrdemServico::CalcularTotal()
DA:67,0
DA:68,0
DA:69,0
FN:17,System.Void CarStoreManager.Domain.Entities.Oficina.ItemOrdemServico::.ctor()
FNDA:0,System.Void CarStoreManager.Domain.Entities.Oficina.ItemOrdemServico::.ctor()
DA:18,0
FN:19,System.Void CarStoreManager.Domain.Entities.Oficina.ItemOrdemServico::.ctor(System.Guid,System.Guid,System.Int32,CarStoreManager.Domain.ValueObjects.Dinheiro)
FNDA:0,System.Void CarStoreManager.Domain.Entities.Oficina.ItemOrdemServico::.ctor(System.Guid,System.Guid,System.Int32,CarStoreManager.Domain.ValueObjects.Dinheiro)
DA:20,0
DA:21,0
DA:22,0
DA:23,0
DA:24,0
DA:25,0
DA:26,0
DA:27,0
DA:29,0
DA:30,0
DA:31,0
DA:32,0
DA:34,0
DA:35,0
BRDA:26,31,0,0
BRDA:26,31,1,0
LF:38
LH:0
BRF:4
BRH:0
FNF:15
FNH:0
end_of_record
SF:D:\Softwares\ProjetoIntegrador\CarStoreManager\Domain\Entities\Oficina\Mecanico.cs
FN:9,CarStoreManager.Domain.Enums.EspecialidadeMecanico CarStoreManager.Domain.Entities.Oficina.Mecanico::get_Especialidade()
FNDA:0,CarStoreManager.Domain.Enums.EspecialidadeMecanico CarStoreManager.Domain.Entities.Oficina.Mecanico::get_Especialidade()
DA:10,0
FN:10,CarStoreManager.Domain.Enums.NivelOcupacaoMecanico CarStoreManager.Domain.Entities.Oficina.Mecanico::get_Ocupado()
FNDA:0,CarStoreManager.Domain.Enums.NivelOcupacaoMecanico CarStoreManager.Domain.Entities.Oficina.Mecanico::get_Ocupado()
DA:11,0
FN:11,CarStoreManager.Domain.ValueObjects.DadosFuncionario CarStoreManager.Domain.Entities.Oficina.Mecanico::get_DadosFuncionario()
FNDA:0,CarStoreManager.Domain.ValueObjects.DadosFuncionario CarStoreManager.Domain.Entities.Oficina.Mecanico::get_DadosFuncionario()
DA:12,0
FN:12,System.Collections.Generic.List`1<System.Guid> CarStoreManager.Domain.Entities.Oficina.Mecanico::get_TrabalhosAtivos()
FNDA:0,System.Collections.Generic.List`1<System.Guid> CarStoreManager.Domain.Entities.Oficina.Mecanico::get_TrabalhosAtivos()
DA:13,0
FN:34,System.String CarStoreManager.Domain.Entities.Oficina.Mecanico::GetEspecialidade()
FNDA:0,System.String CarStoreManager.Domain.Entities.Oficina.Mecanico::GetEspecialidade()
DA:35,0
FN:35,System.String CarStoreManager.Domain.Entities.Oficina.Mecanico::GetOcupado()
FNDA:0,System.String CarStoreManager.Domain.Entities.Oficina.Mecanico::GetOcupado()
DA:36,0
FN:36,System.String CarStoreManager.Domain.Entities.Oficina.Mecanico::GetNivel()
FNDA:0,System.String CarStoreManager.Domain.Entities.Oficina.Mecanico::GetNivel()
DA:37,0
FN:37,System.DateTime CarStoreManager.Domain.Entities.Oficina.Mecanico::GetDataContratacao()
FNDA:0,System.DateTime CarStoreManager.Domain.Entities.Oficina.Mecanico::GetDataContratacao()
DA:38,0
FN:44,System.Void CarStoreManager.Domain.Entities.Oficina.Mecanico::AlterarOcupado()
FNDA:0,System.Void CarStoreManager.Domain.Entities.Oficina.Mecanico::AlterarOcupado()
DA:45,0
DA:46,0
DA:47,0
DA:49,0
DA:50,0
DA:52,0
DA:53,0
BRDA:46,20,0,0
BRDA:46,20,1,0
BRDA:49,51,0,0
BRDA:49,51,1,0
FN:55,System.Void CarStoreManager.Domain.Entities.Oficina.Mecanico::AlterarEspecialidade(CarStoreManager.Domain.Enums.EspecialidadeMecanico)
FNDA:0,System.Void CarStoreManager.Domain.Entities.Oficina.Mecanico::AlterarEspecialidade(CarStoreManager.Domain.Enums.EspecialidadeMecanico)
DA:56,0
FN:58,System.Void CarStoreManager.Domain.Entities.Oficina.Mecanico::AtualizarDadosFuncionario(CarStoreManager.Domain.Enums.NivelFuncionario,System.DateTime)
FNDA:0,System.Void CarStoreManager.Domain.Entities.Oficina.Mecanico::AtualizarDadosFuncionario(CarStoreManager.Domain.Enums.NivelFuncionario,System.DateTime)
DA:59,0
FN:14,System.Void CarStoreManager.Domain.Entities.Oficina.Mecanico::.ctor()
FNDA:0,System.Void CarStoreManager.Domain.Entities.Oficina.Mecanico::.ctor()
DA:15,0
FN:24,System.Void CarStoreManager.Domain.Entities.Oficina.Mecanico::.ctor(System.String,CarStoreManager.Domain.ValueObjects.Email,CarStoreManager.Domain.ValueObjects.Telefone,System.String,CarStoreManager.Domain.Enums.EspecialidadeMecanico,CarStoreManager.Domain.Enums.NivelFuncionario,System.DateTime)
FNDA:0,System.Void CarStoreManager.Domain.Entities.Oficina.Mecanico::.ctor(System.String,CarStoreManager.Domain.ValueObjects.Email,CarStoreManager.Domain.ValueObjects.Telefone,System.String,CarStoreManager.Domain.Enums.EspecialidadeMecanico,CarStoreManager.Domain.Enums.NivelFuncionario,System.DateTime)
DA:25,0
DA:26,0
DA:27,0
DA:28,0
DA:29,0
LF:23
LH:0
BRF:4
BRH:0
FNF:13
FNH:0
end_of_record
SF:D:\Softwares\ProjetoIntegrador\CarStoreManager\Domain\Entities\Oficina\OrdemServico.cs
FN:11,System.Guid CarStoreManager.Domain.Entities.Oficina.OrdemServico::get_VeiculoClienteId()
FNDA:0,System.Guid CarStoreManager.Domain.Entities.Oficina.OrdemServico::get_VeiculoClienteId()
DA:12,0
FN:12,System.Guid CarStoreManager.Domain.Entities.Oficina.OrdemServico::get_MecanicoId()
FNDA:0,System.Guid CarStoreManager.Domain.Entities.Oficina.OrdemServico::get_MecanicoId()
DA:13,0
FN:13,System.Guid CarStoreManager.Domain.Entities.Oficina.OrdemServico::get_ClienteId()
FNDA:0,System.Guid CarStoreManager.Domain.Entities.Oficina.OrdemServico::get_ClienteId()
DA:14,0
FN:15,CarStoreManager.Domain.Enums.TipoServico CarStoreManager.Domain.Entities.Oficina.OrdemServico::get_Tipo()
FNDA:0,CarStoreManager.Domain.Enums.TipoServico CarStoreManager.Domain.Entities.Oficina.OrdemServico::get_Tipo()
DA:16,0
FN:17,System.String CarStoreManager.Domain.Entities.Oficina.OrdemServico::get_Descricao()
FNDA:0,System.String CarStoreManager.Domain.Entities.Oficina.OrdemServico::get_Descricao()
DA:18,0
FN:18,System.String CarStoreManager.Domain.Entities.Oficina.OrdemServico::get_NumeroPublico()
FNDA:0,System.String CarStoreManager.Domain.Entities.Oficina.OrdemServico::get_NumeroPublico()
DA:19,0
FN:20,System.DateTime CarStoreManager.Domain.Entities.Oficina.OrdemServico::get_DataCriacao()
FNDA:0,System.DateTime CarStoreManager.Domain.Entities.Oficina.OrdemServico::get_DataCriacao()
DA:21,0
FN:21,System.DateTime CarStoreManager.Domain.Entities.Oficina.OrdemServico::get_PrazoEstimado()
FNDA:0,System.DateTime CarStoreManager.Domain.Entities.Oficina.OrdemServico::get_PrazoEstimado()
DA:22,0
FN:23,CarStoreManager.Domain.ValueObjects.Dinheiro CarStoreManager.Domain.Entities.Oficina.OrdemServico::get_CustoServico()
FNDA:0,CarStoreManager.Domain.ValueObjects.Dinheiro CarStoreManager.Domain.Entities.Oficina.OrdemServico::get_CustoServico()
DA:24,0
FN:24,CarStoreManager.Domain.ValueObjects.Dinheiro CarStoreManager.Domain.Entities.Oficina.OrdemServico::get_ValorTotal()
FNDA:0,CarStoreManager.Domain.ValueObjects.Dinheiro CarStoreManager.Domain.Entities.Oficina.OrdemServico::get_ValorTotal()
DA:25,0
FN:26,CarStoreManager.Domain.Enums.StatusOrdemServico CarStoreManager.Domain.Entities.Oficina.OrdemServico::get_Status()
FNDA:0,CarStoreManager.Domain.Enums.StatusOrdemServico CarStoreManager.Domain.Entities.Oficina.OrdemServico::get_Status()
DA:27,0
FN:28,System.Collections.Generic.List`1<CarStoreManager.Domain.Entities.Oficina.ItemOrdemServico> CarStoreManager.Domain.Entities.Oficina.OrdemServico::get_Itens()
FNDA:0,System.Collections.Generic.List`1<CarStoreManager.Domain.Entities.Oficina.ItemOrdemServico> CarStoreManager.Domain.Entities.Oficina.OrdemServico::get_Itens()
DA:29,0
FN:29,System.Collections.Generic.List`1<CarStoreManager.Domain.Entities.Oficina.ChecklistItem> CarStoreManager.Domain.Entities.Oficina.OrdemServico::get_Checklist()
FNDA:0,System.Collections.Generic.List`1<CarStoreManager.Domain.Entities.Oficina.ChecklistItem> CarStoreManager.Domain.Entities.Oficina.OrdemServico::get_Checklist()
DA:30,0
FN:69,System.Guid CarStoreManager.Domain.Entities.Oficina.OrdemServico::GetVeiculoClienteId()
FNDA:0,System.Guid CarStoreManager.Domain.Entities.Oficina.OrdemServico::GetVeiculoClienteId()
DA:70,0
FN:70,System.Guid CarStoreManager.Domain.Entities.Oficina.OrdemServico::GetMecacnicoId()
FNDA:0,System.Guid CarStoreManager.Domain.Entities.Oficina.OrdemServico::GetMecacnicoId()
DA:71,0
FN:71,System.Guid CarStoreManager.Domain.Entities.Oficina.OrdemServico::GetClienteId()
FNDA:0,System.Guid CarStoreManager.Domain.Entities.Oficina.OrdemServico::GetClienteId()
DA:72,0
FN:72,System.String CarStoreManager.Domain.Entities.Oficina.OrdemServico::GetTipoServico()
FNDA:0,System.String CarStoreManager.Domain.Entities.Oficina.OrdemServico::GetTipoServico()
DA:73,0
FN:73,System.String CarStoreManager.Domain.Entities.Oficina.OrdemServico::GetDescricao()
FNDA:0,System.String CarStoreManager.Domain.Entities.Oficina.OrdemServico::GetDescricao()
DA:74,0
FN:74,System.String CarStoreManager.Domain.Entities.Oficina.OrdemServico::GetNumeroPublico()
FNDA:0,System.String CarStoreManager.Domain.Entities.Oficina.OrdemServico::GetNumeroPublico()
DA:75,0
FN:75,System.DateTime CarStoreManager.Domain.Entities.Oficina.OrdemServico::GetDataCriacao()
FNDA:0,System.DateTime CarStoreManager.Domain.Entities.Oficina.OrdemServico::GetDataCriacao()
DA:76,0
FN:76,System.DateTime CarStoreManager.Domain.Entities.Oficina.OrdemServico::GetPrazoEstimado()
FNDA:0,System.DateTime CarStoreManager.Domain.Entities.Oficina.OrdemServico::GetPrazoEstimado()
DA:77,0
FN:77,System.Decimal CarStoreManager.Domain.Entities.Oficina.OrdemServico::GetCustoServico()
FNDA:0,System.Decimal CarStoreManager.Domain.Entities.Oficina.OrdemServico::GetCustoServico()
DA:78,0
FN:78,System.Decimal CarStoreManager.Domain.Entities.Oficina.OrdemServico::GetValorTotal()
FNDA:0,System.Decimal CarStoreManager.Domain.Entities.Oficina.OrdemServico::GetValorTotal()
DA:79,0
FN:79,System.String CarStoreManager.Domain.Entities.Oficina.OrdemServico::GetStatus()
FNDA:0,System.String CarStoreManager.Domain.Entities.Oficina.OrdemServico::GetStatus()
DA:80,0
FN:81,System.String CarStoreManager.Domain.Entities.Oficina.OrdemServico::GetItens()
FNDA:0,System.String CarStoreManager.Domain.Entities.Oficina.OrdemServico::GetItens()
DA:82,0
DA:84,0
DA:85,0
DA:86,0
DA:88,0
DA:89,0
DA:90,0
DA:91,0
DA:92,0
DA:93,0
DA:94,0
BRDA:84,12,0,0
BRDA:84,12,1,0
BRDA:89,93,1,0
BRDA:91,48,0,0
BRDA:91,48,1,0
BRDA:89,93,0,0
FN:95,System.String CarStoreManager.Domain.Entities.Oficina.OrdemServico::GetChecklist()
FNDA:0,System.String CarStoreManager.Domain.Entities.Oficina.OrdemServico::GetChecklist()
DA:96,0
DA:98,0
DA:99,0
DA:100,0
DA:102,0
DA:103,0
DA:104,0
DA:105,0
DA:106,0
DA:107,0
DA:108,0
BRDA:98,12,0,0
BRDA:98,12,1,0
BRDA:103,93,1,0
BRDA:105,48,0,0
BRDA:105,48,1,0
BRDA:103,93,0,0
FN:114,System.Void CarStoreManager.Domain.Entities.Oficina.OrdemServico::DefinirCliente(System.Guid)
FNDA:0,System.Void CarStoreManager.Domain.Entities.Oficina.OrdemServico::DefinirCliente(System.Guid)
DA:115,0
DA:116,0
DA:117,0
DA:119,0
DA:120,0
BRDA:116,14,0,0
BRDA:116,14,1,0
FN:122,System.Void CarStoreManager.Domain.Entities.Oficina.OrdemServico::DefinirVeiculo(System.Guid)
FNDA:0,System.Void CarStoreManager.Domain.Entities.Oficina.OrdemServico::DefinirVeiculo(System.Guid)
DA:123,0
DA:124,0
DA:125,0
DA:127,0
DA:128,0
BRDA:124,14,0,0
BRDA:124,14,1,0
FN:130,System.Void CarStoreManager.Domain.Entities.Oficina.OrdemServico::SetTipo(CarStoreManager.Domain.Enums.TipoServico)
FNDA:0,System.Void CarStoreManager.Domain.Entities.Oficina.OrdemServico::SetTipo(CarStoreManager.Domain.Enums.TipoServico)
DA:131,0
DA:132,0
DA:133,0
FN:135,System.String CarStoreManager.Domain.Entities.Oficina.OrdemServico::GerarNumeroPublico()
FNDA:0,System.String CarStoreManager.Domain.Entities.Oficina.OrdemServico::GerarNumeroPublico()
DA:136,0
DA:137,0
DA:138,0
DA:139,0
FN:145,System.Void CarStoreManager.Domain.Entities.Oficina.OrdemServico::GerarChecklistAutomatico()
FNDA:0,System.Void CarStoreManager.Domain.Entities.Oficina.OrdemServico::GerarChecklistAutomatico()
DA:146,0
DA:147,0
DA:148,0
DA:150,0
DA:151,0
DA:152,0
DA:153,0
DA:154,0
DA:155,0
DA:156,0
BRDA:147,45,1,0
BRDA:151,120,1,0
BRDA:147,45,0,0
BRDA:151,120,0,0
FN:158,System.Void CarStoreManager.Domain.Entities.Oficina.OrdemServico::AdicionarItemChecklist(System.String)
FNDA:0,System.Void CarStoreManager.Domain.Entities.Oficina.OrdemServico::AdicionarItemChecklist(System.String)
DA:159,0
DA:160,0
DA:161,0
DA:163,0
DA:164,0
DA:165,0
DA:166,0
BRDA:160,8,0,0
BRDA:160,8,1,0
BRDA:160,24,0,0
BRDA:160,24,1,0
FN:172,System.Void CarStoreManager.Domain.Entities.Oficina.OrdemServico::AdicionarItem(CarStoreManager.Domain.Entities.Oficina.ItemOrdemServico)
FNDA:0,System.Void CarStoreManager.Domain.Entities.Oficina.OrdemServico::AdicionarItem(CarStoreManager.Domain.Entities.Oficina.ItemOrdemServico)
DA:173,0
DA:174,0
DA:175,0
DA:177,0
DA:178,0
DA:179,0
BRDA:174,12,0,0
BRDA:174,12,1,0
FN:181,System.Void CarStoreManager.Domain.Entities.Oficina.OrdemServico::RemoverItem(System.Guid)
FNDA:0,System.Void CarStoreManager.Domain.Entities.Oficina.OrdemServico::RemoverItem(System.Guid)
DA:182,0
DA:183,0
DA:185,0
DA:186,0
DA:188,0
DA:189,0
DA:190,0
BRDA:185,44,0,0
BRDA:185,44,1,0
FN:192,System.Void CarStoreManager.Domain.Entities.Oficina.OrdemServico::AtualizarItem(System.Guid,System.Int32)
FNDA:0,System.Void CarStoreManager.Domain.Entities.Oficina.OrdemServico::AtualizarItem(System.Guid,System.Int32)
DA:193,0
DA:194,0
DA:196,0
DA:197,0
DA:199,0
DA:201,0
DA:202,0
BRDA:196,44,0,0
BRDA:196,44,1,0
FN:208,System.Void CarStoreManager.Domain.Entities.Oficina.OrdemServico::RecalcularTotal()
FNDA:0,System.Void CarStoreManager.Domain.Entities.Oficina.OrdemServico::RecalcularTotal()
DA:209,0
DA:210,0
DA:211,0
DA:212,0
DA:214,0
DA:215,0
FN:221,System.Void CarStoreManager.Domain.Entities.Oficina.OrdemServico::Iniciar()
FNDA:0,System.Void CarStoreManager.Domain.Entities.Oficina.OrdemServico::Iniciar()
DA:222,0
DA:223,0
DA:224,0
DA:225,0
FN:227,System.Void CarStoreManager.Domain.Entities.Oficina.OrdemServico::Finalizar()
FNDA:0,System.Void CarStoreManager.Domain.Entities.Oficina.OrdemServico::Finalizar()
DA:228,0
DA:229,0
DA:230,0
DA:231,0
FN:233,System.Void CarStoreManager.Domain.Entities.Oficina.OrdemServico::Cancelar()
FNDA:0,System.Void CarStoreManager.Domain.Entities.Oficina.OrdemServico::Cancelar()
DA:234,0
DA:235,0
DA:236,0
FN:238,System.Void CarStoreManager.Domain.Entities.Oficina.OrdemServico::AtualizarStatus(CarStoreManager.Domain.Enums.StatusOrdemServico)
FNDA:0,System.Void CarStoreManager.Domain.Entities.Oficina.OrdemServico::AtualizarStatus(CarStoreManager.Domain.Enums.StatusOrdemServico)
DA:239,0
DA:240,0
DA:241,0
DA:243,0
DA:244,0
DA:246,0
DA:247,0
BRDA:240,12,0,0
BRDA:240,12,1,0
BRDA:243,36,0,0
BRDA:243,36,1,0
FN:249,System.Void CarStoreManager.Domain.Entities.Oficina.OrdemServico::ValidarStatus(CarStoreManager.Domain.Enums.StatusOrdemServico)
FNDA:0,System.Void CarStoreManager.Domain.Entities.Oficina.OrdemServico::ValidarStatus(CarStoreManager.Domain.Enums.StatusOrdemServico)
DA:250,0
DA:251,0
DA:252,0
DA:253,0
BRDA:251,15,0,0
BRDA:251,15,1,0
FN:31,System.Void CarStoreManager.Domain.Entities.Oficina.OrdemServico::.ctor()
FNDA:0,System.Void CarStoreManager.Domain.Entities.Oficina.OrdemServico::.ctor()
DA:32,0
FN:33,System.Void CarStoreManager.Domain.Entities.Oficina.OrdemServico::.ctor(System.Guid,System.Guid,System.Guid,CarStoreManager.Domain.Enums.TipoServico,System.String,System.DateTime,CarStoreManager.Domain.ValueObjects.Dinheiro)
FNDA:0,System.Void CarStoreManager.Domain.Entities.Oficina.OrdemServico::.ctor(System.Guid,System.Guid,System.Guid,CarStoreManager.Domain.Enums.TipoServico,System.String,System.DateTime,CarStoreManager.Domain.ValueObjects.Dinheiro)
DA:34,0
DA:35,0
DA:36,0
DA:37,0
DA:38,0
DA:39,0
DA:40,0
DA:41,0
DA:42,0
DA:43,0
DA:44,0
DA:46,0
DA:47,0
DA:49,0
DA:50,0
DA:51,0
DA:53,0
DA:54,0
DA:55,0
DA:57,0
DA:59,0
DA:60,0
DA:61,0
DA:63,0
DA:64,0
BRDA:43,67,0,0
BRDA:43,67,1,0
BRDA:46,94,0,0
BRDA:46,94,1,0
LF:154
LH:0
BRF:40
BRH:0
FNF:43
FNH:0
end_of_record
SF:D:\Softwares\ProjetoIntegrador\CarStoreManager\Domain\Entities\Oficina\VeiculoCliente.cs
FN:9,System.Guid CarStoreManager.Domain.Entities.Oficina.VeiculoCliente::get_ClienteId()
FNDA:0,System.Guid CarStoreManager.Domain.Entities.Oficina.VeiculoCliente::get_ClienteId()
DA:10,0
FN:11,System.String CarStoreManager.Domain.Entities.Oficina.VeiculoCliente::get_Marca()
FNDA:0,System.String CarStoreManager.Domain.Entities.Oficina.VeiculoCliente::get_Marca()
DA:12,0
FN:12,System.String CarStoreManager.Domain.Entities.Oficina.VeiculoCliente::get_Modelo()
FNDA:0,System.String CarStoreManager.Domain.Entities.Oficina.VeiculoCliente::get_Modelo()
DA:13,0
FN:13,System.String CarStoreManager.Domain.Entities.Oficina.VeiculoCliente::get_Cor()
FNDA:0,System.String CarStoreManager.Domain.Entities.Oficina.VeiculoCliente::get_Cor()
DA:14,0
FN:14,CarStoreManager.Domain.ValueObjects.Ano CarStoreManager.Domain.Entities.Oficina.VeiculoCliente::get_Ano()
FNDA:0,CarStoreManager.Domain.ValueObjects.Ano CarStoreManager.Domain.Entities.Oficina.VeiculoCliente::get_Ano()
DA:15,0
FN:16,System.Collections.Generic.List`1<CarStoreManager.Domain.Entities.Oficina.OrdemServico> CarStoreManager.Domain.Entities.Oficina.VeiculoCliente::get_HistoricoServicos()
FNDA:0,System.Collections.Generic.List`1<CarStoreManager.Domain.Entities.Oficina.OrdemServico> CarStoreManager.Domain.Entities.Oficina.VeiculoCliente::get_HistoricoServicos()
DA:17,0
FN:43,System.Guid CarStoreManager.Domain.Entities.Oficina.VeiculoCliente::GetClienteId()
FNDA:0,System.Guid CarStoreManager.Domain.Entities.Oficina.VeiculoCliente::GetClienteId()
DA:44,0
FN:44,System.String CarStoreManager.Domain.Entities.Oficina.VeiculoCliente::GetMarca()
FNDA:0,System.String CarStoreManager.Domain.Entities.Oficina.VeiculoCliente::GetMarca()
DA:45,0
FN:45,System.String CarStoreManager.Domain.Entities.Oficina.VeiculoCliente::GetModelo()
FNDA:0,System.String CarStoreManager.Domain.Entities.Oficina.VeiculoCliente::GetModelo()
DA:46,0
FN:46,System.String CarStoreManager.Domain.Entities.Oficina.VeiculoCliente::GetCor()
FNDA:0,System.String CarStoreManager.Domain.Entities.Oficina.VeiculoCliente::GetCor()
DA:47,0
FN:47,System.Int32 CarStoreManager.Domain.Entities.Oficina.VeiculoCliente::GetAno()
FNDA:0,System.Int32 CarStoreManager.Domain.Entities.Oficina.VeiculoCliente::GetAno()
DA:48,0
FN:49,System.String CarStoreManager.Domain.Entities.Oficina.VeiculoCliente::GetHistorico()
FNDA:0,System.String CarStoreManager.Domain.Entities.Oficina.VeiculoCliente::GetHistorico()
DA:50,0
DA:52,0
DA:53,0
DA:54,0
DA:56,0
DA:57,0
DA:58,0
DA:59,0
DA:60,0
DA:61,0
DA:62,0
BRDA:52,12,0,0
BRDA:52,12,1,0
BRDA:57,93,1,0
BRDA:59,48,0,0
BRDA:59,48,1,0
BRDA:57,93,0,0
FN:66,System.String CarStoreManager.Domain.Entities.Oficina.VeiculoCliente::GetDescricao()
FNDA:0,System.String CarStoreManager.Domain.Entities.Oficina.VeiculoCliente::GetDescricao()
DA:67,0
FN:69,System.Void CarStoreManager.Domain.Entities.Oficina.VeiculoCliente::AlterarMarca(System.String)
FNDA:0,System.Void CarStoreManager.Domain.Entities.Oficina.VeiculoCliente::AlterarMarca(System.String)
DA:70,0
DA:71,0
DA:72,0
DA:73,0
DA:74,0
BRDA:71,9,0,0
BRDA:71,9,1,0
FN:76,System.Void CarStoreManager.Domain.Entities.Oficina.VeiculoCliente::AlterarModelo(System.String)
FNDA:0,System.Void CarStoreManager.Domain.Entities.Oficina.VeiculoCliente::AlterarModelo(System.String)
DA:77,0
DA:78,0
DA:79,0
DA:80,0
DA:81,0
BRDA:78,9,0,0
BRDA:78,9,1,0
FN:83,System.Void CarStoreManager.Domain.Entities.Oficina.VeiculoCliente::AlterarCor(System.String)
FNDA:0,System.Void CarStoreManager.Domain.Entities.Oficina.VeiculoCliente::AlterarCor(System.String)
DA:84,0
DA:85,0
DA:86,0
DA:87,0
DA:88,0
BRDA:85,9,0,0
BRDA:85,9,1,0
FN:90,System.Void CarStoreManager.Domain.Entities.Oficina.VeiculoCliente::AtualizarDados(System.String,System.String,System.String,CarStoreManager.Domain.ValueObjects.Ano)
FNDA:0,System.Void CarStoreManager.Domain.Entities.Oficina.VeiculoCliente::AtualizarDados(System.String,System.String,System.String,CarStoreManager.Domain.ValueObjects.Ano)
DA:91,0
DA:92,0
DA:93,0
DA:94,0
DA:95,0
DA:96,0
FN:18,System.Void CarStoreManager.Domain.Entities.Oficina.VeiculoCliente::.ctor()
FNDA:0,System.Void CarStoreManager.Domain.Entities.Oficina.VeiculoCliente::.ctor()
DA:19,0
FN:20,System.Void CarStoreManager.Domain.Entities.Oficina.VeiculoCliente::.ctor(System.Guid,System.String,System.String,System.String,CarStoreManager.Domain.ValueObjects.Ano)
FNDA:0,System.Void CarStoreManager.Domain.Entities.Oficina.VeiculoCliente::.ctor(System.Guid,System.String,System.String,System.String,CarStoreManager.Domain.ValueObjects.Ano)
DA:21,0
DA:22,0
DA:23,0
DA:24,0
DA:25,0
DA:26,0
DA:27,0
DA:28,0
DA:29,0
DA:31,0
DA:33,0
DA:34,0
DA:35,0
DA:37,0
DA:38,0
BRDA:28,60,0,0
BRDA:28,60,1,0
LF:60
LH:0
BRF:14
BRH:0
FNF:19
FNH:0
end_of_record
SF:D:\Softwares\ProjetoIntegrador\CarStoreManager\Domain\Entities\Concessionaria\FotoVeiculo.cs
FN:8,System.Guid CarStoreManager.Domain.Entities.Concessionaria.FotoVeiculo::get_VeiculoVendaId()
FNDA:0,System.Guid CarStoreManager.Domain.Entities.Concessionaria.FotoVeiculo::get_VeiculoVendaId()
DA:9,0
FN:9,System.String CarStoreManager.Domain.Entities.Concessionaria.FotoVeiculo::get_Url()
FNDA:0,System.String CarStoreManager.Domain.Entities.Concessionaria.FotoVeiculo::get_Url()
DA:10,0
FN:10,System.Int32 CarStoreManager.Domain.Entities.Concessionaria.FotoVeiculo::get_Ordem()
FNDA:0,System.Int32 CarStoreManager.Domain.Entities.Concessionaria.FotoVeiculo::get_Ordem()
DA:11,0
FN:34,System.Void CarStoreManager.Domain.Entities.Concessionaria.FotoVeiculo::AlterarOrdem(System.Int32)
FNDA:0,System.Void CarStoreManager.Domain.Entities.Concessionaria.FotoVeiculo::AlterarOrdem(System.Int32)
DA:35,0
DA:36,0
DA:37,0
DA:38,0
DA:39,0
BRDA:36,7,0,0
BRDA:36,7,1,0
FN:12,System.Void CarStoreManager.Domain.Entities.Concessionaria.FotoVeiculo::.ctor()
FNDA:0,System.Void CarStoreManager.Domain.Entities.Concessionaria.FotoVeiculo::.ctor()
DA:13,0
FN:15,System.Void CarStoreManager.Domain.Entities.Concessionaria.FotoVeiculo::.ctor(System.Guid,System.String,System.Int32)
FNDA:0,System.Void CarStoreManager.Domain.Entities.Concessionaria.FotoVeiculo::.ctor(System.Guid,System.String,System.Int32)
DA:16,0
DA:17,0
DA:19,0
DA:20,0
DA:22,0
DA:23,0
DA:25,0
DA:26,0
DA:28,0
DA:29,0
DA:30,0
DA:31,0
BRDA:19,28,0,0
BRDA:19,28,1,0
BRDA:22,49,0,0
BRDA:22,49,1,0
BRDA:25,68,0,0
BRDA:25,68,1,0
LF:21
LH:0
BRF:8
BRH:0
FNF:6
FNH:0
end_of_record
SF:D:\Softwares\ProjetoIntegrador\CarStoreManager\Domain\Entities\Concessionaria\PropostaVenda.cs
FN:10,System.Guid CarStoreManager.Domain.Entities.Concessionaria.PropostaVenda::get_VendedorId()
FNDA:0,System.Guid CarStoreManager.Domain.Entities.Concessionaria.PropostaVenda::get_VendedorId()
DA:11,0
FN:11,System.Guid CarStoreManager.Domain.Entities.Concessionaria.PropostaVenda::get_VeiculoVendaId()
FNDA:0,System.Guid CarStoreManager.Domain.Entities.Concessionaria.PropostaVenda::get_VeiculoVendaId()
DA:12,0
FN:12,System.Guid CarStoreManager.Domain.Entities.Concessionaria.PropostaVenda::get_ClienteId()
FNDA:0,System.Guid CarStoreManager.Domain.Entities.Concessionaria.PropostaVenda::get_ClienteId()
DA:13,0
FN:14,CarStoreManager.Domain.ValueObjects.Dinheiro CarStoreManager.Domain.Entities.Concessionaria.PropostaVenda::get_ValorBase()
FNDA:0,CarStoreManager.Domain.ValueObjects.Dinheiro CarStoreManager.Domain.Entities.Concessionaria.PropostaVenda::get_ValorBase()
DA:15,0
FN:15,CarStoreManager.Domain.ValueObjects.Percentual CarStoreManager.Domain.Entities.Concessionaria.PropostaVenda::get_Desconto()
FNDA:0,CarStoreManager.Domain.ValueObjects.Percentual CarStoreManager.Domain.Entities.Concessionaria.PropostaVenda::get_Desconto()
DA:16,0
FN:16,CarStoreManager.Domain.ValueObjects.Dinheiro CarStoreManager.Domain.Entities.Concessionaria.PropostaVenda::get_ValorFinal()
FNDA:0,CarStoreManager.Domain.ValueObjects.Dinheiro CarStoreManager.Domain.Entities.Concessionaria.PropostaVenda::get_ValorFinal()
DA:17,0
FN:18,CarStoreManager.Domain.ValueObjects.Dinheiro CarStoreManager.Domain.Entities.Concessionaria.PropostaVenda::get_Entrada()
FNDA:0,CarStoreManager.Domain.ValueObjects.Dinheiro CarStoreManager.Domain.Entities.Concessionaria.PropostaVenda::get_Entrada()
DA:19,0
FN:19,CarStoreManager.Domain.ValueObjects.Financiamento CarStoreManager.Domain.Entities.Concessionaria.PropostaVenda::get_Financiamento()
FNDA:0,CarStoreManager.Domain.ValueObjects.Financiamento CarStoreManager.Domain.Entities.Concessionaria.PropostaVenda::get_Financiamento()
DA:20,0
FN:21,System.DateTime CarStoreManager.Domain.Entities.Concessionaria.PropostaVenda::get_DataCriacao()
FNDA:0,System.DateTime CarStoreManager.Domain.Entities.Concessionaria.PropostaVenda::get_DataCriacao()
DA:22,0
FN:22,CarStoreManager.Domain.Enums.StatusPropostaVenda CarStoreManager.Domain.Entities.Concessionaria.PropostaVenda::get_Status()
FNDA:0,CarStoreManager.Domain.Enums.StatusPropostaVenda CarStoreManager.Domain.Entities.Concessionaria.PropostaVenda::get_Status()
DA:23,0
FN:49,System.Guid CarStoreManager.Domain.Entities.Concessionaria.PropostaVenda::GetVendedorId()
FNDA:0,System.Guid CarStoreManager.Domain.Entities.Concessionaria.PropostaVenda::GetVendedorId()
DA:50,0
FN:50,System.Guid CarStoreManager.Domain.Entities.Concessionaria.PropostaVenda::GetVeiculoId()
FNDA:0,System.Guid CarStoreManager.Domain.Entities.Concessionaria.PropostaVenda::GetVeiculoId()
DA:51,0
FN:51,System.Guid CarStoreManager.Domain.Entities.Concessionaria.PropostaVenda::GetClienteId()
FNDA:0,System.Guid CarStoreManager.Domain.Entities.Concessionaria.PropostaVenda::GetClienteId()
DA:52,0
FN:52,System.Decimal CarStoreManager.Domain.Entities.Concessionaria.PropostaVenda::GetValorBase()
FNDA:0,System.Decimal CarStoreManager.Domain.Entities.Concessionaria.PropostaVenda::GetValorBase()
DA:53,0
FN:53,System.Decimal CarStoreManager.Domain.Entities.Concessionaria.PropostaVenda::GetDesconto()
FNDA:0,System.Decimal CarStoreManager.Domain.Entities.Concessionaria.PropostaVenda::GetDesconto()
DA:54,0
FN:54,System.Decimal CarStoreManager.Domain.Entities.Concessionaria.PropostaVenda::GetValorFinal()
FNDA:0,System.Decimal CarStoreManager.Domain.Entities.Concessionaria.PropostaVenda::GetValorFinal()
DA:55,0
FN:55,System.Decimal CarStoreManager.Domain.Entities.Concessionaria.PropostaVenda::GetEntrada()
FNDA:0,System.Decimal CarStoreManager.Domain.Entities.Concessionaria.PropostaVenda::GetEntrada()
DA:56,0
FN:56,System.Decimal CarStoreManager.Domain.Entities.Concessionaria.PropostaVenda::GetValorFinanciado()
FNDA:0,System.Decimal CarStoreManager.Domain.Entities.Concessionaria.PropostaVenda::GetValorFinanciado()
DA:57,0
FN:57,System.Int32 CarStoreManager.Domain.Entities.Concessionaria.PropostaVenda::GetParcelas()
FNDA:0,System.Int32 CarStoreManager.Domain.Entities.Concessionaria.PropostaVenda::GetParcelas()
DA:58,0
FN:58,System.DateTime CarStoreManager.Domain.Entities.Concessionaria.PropostaVenda::GetDataCriacao()
FNDA:0,System.DateTime CarStoreManager.Domain.Entities.Concessionaria.PropostaVenda::GetDataCriacao()
DA:59,0
FN:59,System.String CarStoreManager.Domain.Entities.Concessionaria.PropostaVenda::GetStatus()
FNDA:0,System.String CarStoreManager.Domain.Entities.Concessionaria.PropostaVenda::GetStatus()
DA:60,0
FN:66,System.Void CarStoreManager.Domain.Entities.Concessionaria.PropostaVenda::AplicarDesconto(CarStoreManager.Domain.ValueObjects.Percentual)
FNDA:0,System.Void CarStoreManager.Domain.Entities.Concessionaria.PropostaVenda::AplicarDesconto(CarStoreManager.Domain.ValueObjects.Percentual)
DA:67,0
DA:68,0
DA:69,0
DA:70,0
FN:72,System.Void CarStoreManager.Domain.Entities.Concessionaria.PropostaVenda::CalcularValorFinal()
FNDA:0,System.Void CarStoreManager.Domain.Entities.Concessionaria.PropostaVenda::CalcularValorFinal()
DA:73,0
DA:74,0
DA:75,0
DA:76,0
FN:78,System.Void CarStoreManager.Domain.Entities.Concessionaria.PropostaVenda::DefinirEntrada(CarStoreManager.Domain.ValueObjects.Dinheiro)
FNDA:0,System.Void CarStoreManager.Domain.Entities.Concessionaria.PropostaVenda::DefinirEntrada(CarStoreManager.Domain.ValueObjects.Dinheiro)
DA:79,0
DA:80,0
DA:81,0
DA:83,0
DA:84,0
BRDA:80,25,0,0
BRDA:80,25,1,0
FN:86,System.Void CarStoreManager.Domain.Entities.Concessionaria.PropostaVenda::GerarFinanciamento(CarStoreManager.Domain.ValueObjects.Parcelas)
FNDA:0,System.Void CarStoreManager.Domain.Entities.Concessionaria.PropostaVenda::GerarFinanciamento(CarStoreManager.Domain.ValueObjects.Parcelas)
DA:87,0
DA:88,0
DA:89,0
DA:91,0
DA:92,0
DA:93,0
DA:94,0
DA:95,0
DA:96,0
BRDA:88,12,0,0
BRDA:88,12,1,0
FN:102,System.Void CarStoreManager.Domain.Entities.Concessionaria.PropostaVenda::Aprovar()
FNDA:0,System.Void CarStoreManager.Domain.Entities.Concessionaria.PropostaVenda::Aprovar()
DA:103,0
DA:104,0
DA:105,0
DA:106,0
FN:108,System.Void CarStoreManager.Domain.Entities.Concessionaria.PropostaVenda::Rejeitar()
FNDA:0,System.Void CarStoreManager.Domain.Entities.Concessionaria.PropostaVenda::Rejeitar()
DA:109,0
DA:110,0
DA:111,0
DA:112,0
FN:114,System.Void CarStoreManager.Domain.Entities.Concessionaria.PropostaVenda::Cancelar()
FNDA:0,System.Void CarStoreManager.Domain.Entities.Concessionaria.PropostaVenda::Cancelar()
DA:115,0
DA:116,0
DA:117,0
FN:119,System.Void CarStoreManager.Domain.Entities.Concessionaria.PropostaVenda::ValidarEstado(CarStoreManager.Domain.Enums.StatusPropostaVenda)
FNDA:0,System.Void CarStoreManager.Domain.Entities.Concessionaria.PropostaVenda::ValidarEstado(CarStoreManager.Domain.Enums.StatusPropostaVenda)
DA:120,0
DA:121,0
DA:122,0
DA:123,0
BRDA:121,15,0,0
BRDA:121,15,1,0
FN:24,System.Void CarStoreManager.Domain.Entities.Concessionaria.PropostaVenda::.ctor()
FNDA:0,System.Void CarStoreManager.Domain.Entities.Concessionaria.PropostaVenda::.ctor()
DA:25,0
FN:26,System.Void CarStoreManager.Domain.Entities.Concessionaria.PropostaVenda::.ctor(System.Guid,System.Guid,System.Guid,CarStoreManager.Domain.ValueObjects.Dinheiro)
FNDA:0,System.Void CarStoreManager.Domain.Entities.Concessionaria.PropostaVenda::.ctor(System.Guid,System.Guid,System.Guid,CarStoreManager.Domain.ValueObjects.Dinheiro)
DA:27,0
DA:28,0
DA:29,0
DA:30,0
DA:31,0
DA:32,0
DA:33,0
DA:34,0
DA:35,0
DA:37,0
DA:38,0
DA:40,0
DA:42,0
DA:43,0
DA:44,0
LF:74
LH:0
BRF:6
BRH:0
FNF:31
FNH:0
end_of_record
SF:D:\Softwares\ProjetoIntegrador\CarStoreManager\Domain\Entities\Concessionaria\VeiculoVenda.cs
FN:10,System.String CarStoreManager.Domain.Entities.Concessionaria.VeiculoVenda::get_Marca()
FNDA:0,System.String CarStoreManager.Domain.Entities.Concessionaria.VeiculoVenda::get_Marca()
DA:11,0
FN:11,System.String CarStoreManager.Domain.Entities.Concessionaria.VeiculoVenda::get_Modelo()
FNDA:0,System.String CarStoreManager.Domain.Entities.Concessionaria.VeiculoVenda::get_Modelo()
DA:12,0
FN:12,System.String CarStoreManager.Domain.Entities.Concessionaria.VeiculoVenda::get_Cor()
FNDA:0,System.String CarStoreManager.Domain.Entities.Concessionaria.VeiculoVenda::get_Cor()
DA:13,0
FN:13,System.String CarStoreManager.Domain.Entities.Concessionaria.VeiculoVenda::get_Motorizacao()
FNDA:0,System.String CarStoreManager.Domain.Entities.Concessionaria.VeiculoVenda::get_Motorizacao()
DA:14,0
FN:15,CarStoreManager.Domain.ValueObjects.Ano CarStoreManager.Domain.Entities.Concessionaria.VeiculoVenda::get_Ano()
FNDA:0,CarStoreManager.Domain.ValueObjects.Ano CarStoreManager.Domain.Entities.Concessionaria.VeiculoVenda::get_Ano()
DA:16,0
FN:16,CarStoreManager.Domain.ValueObjects.Quilometragem CarStoreManager.Domain.Entities.Concessionaria.VeiculoVenda::get_Quilometragem()
FNDA:0,CarStoreManager.Domain.ValueObjects.Quilometragem CarStoreManager.Domain.Entities.Concessionaria.VeiculoVenda::get_Quilometragem()
DA:17,0
FN:17,CarStoreManager.Domain.ValueObjects.PlacaVeiculo CarStoreManager.Domain.Entities.Concessionaria.VeiculoVenda::get_Placa()
FNDA:0,CarStoreManager.Domain.ValueObjects.PlacaVeiculo CarStoreManager.Domain.Entities.Concessionaria.VeiculoVenda::get_Placa()
DA:18,0
FN:19,CarStoreManager.Domain.Enums.TipoCambio CarStoreManager.Domain.Entities.Concessionaria.VeiculoVenda::get_Cambio()
FNDA:0,CarStoreManager.Domain.Enums.TipoCambio CarStoreManager.Domain.Entities.Concessionaria.VeiculoVenda::get_Cambio()
DA:20,0
FN:20,CarStoreManager.Domain.Enums.TipoCombustivel CarStoreManager.Domain.Entities.Concessionaria.VeiculoVenda::get_Combustivel()
FNDA:0,CarStoreManager.Domain.Enums.TipoCombustivel CarStoreManager.Domain.Entities.Concessionaria.VeiculoVenda::get_Combustivel()
DA:21,0
FN:21,CarStoreManager.Domain.Enums.DisponibilidadeVeiculo CarStoreManager.Domain.Entities.Concessionaria.VeiculoVenda::get_Disponibilidade()
FNDA:0,CarStoreManager.Domain.Enums.DisponibilidadeVeiculo CarStoreManager.Domain.Entities.Concessionaria.VeiculoVenda::get_Disponibilidade()
DA:22,0
FN:22,CarStoreManager.Domain.Enums.AcessoriosVeiculo CarStoreManager.Domain.Entities.Concessionaria.VeiculoVenda::get_Acessorios()
FNDA:0,CarStoreManager.Domain.Enums.AcessoriosVeiculo CarStoreManager.Domain.Entities.Concessionaria.VeiculoVenda::get_Acessorios()
DA:23,0
FN:24,CarStoreManager.Domain.ValueObjects.Dinheiro CarStoreManager.Domain.Entities.Concessionaria.VeiculoVenda::get_Valor()
FNDA:0,CarStoreManager.Domain.ValueObjects.Dinheiro CarStoreManager.Domain.Entities.Concessionaria.VeiculoVenda::get_Valor()
DA:25,0
FN:26,System.Collections.Generic.List`1<CarStoreManager.Domain.Entities.Concessionaria.FotoVeiculo> CarStoreManager.Domain.Entities.Concessionaria.VeiculoVenda::get_Fotos()
FNDA:0,System.Collections.Generic.List`1<CarStoreManager.Domain.Entities.Concessionaria.FotoVeiculo> CarStoreManager.Domain.Entities.Concessionaria.VeiculoVenda::get_Fotos()
DA:27,0
FN:62,System.String CarStoreManager.Domain.Entities.Concessionaria.VeiculoVenda::GetMarca()
FNDA:0,System.String CarStoreManager.Domain.Entities.Concessionaria.VeiculoVenda::GetMarca()
DA:63,0
FN:63,System.String CarStoreManager.Domain.Entities.Concessionaria.VeiculoVenda::GetModelo()
FNDA:0,System.String CarStoreManager.Domain.Entities.Concessionaria.VeiculoVenda::GetModelo()
DA:64,0
FN:64,System.String CarStoreManager.Domain.Entities.Concessionaria.VeiculoVenda::GetCor()
FNDA:0,System.String CarStoreManager.Domain.Entities.Concessionaria.VeiculoVenda::GetCor()
DA:65,0
FN:65,System.String CarStoreManager.Domain.Entities.Concessionaria.VeiculoVenda::GetMotorizacao()
FNDA:0,System.String CarStoreManager.Domain.Entities.Concessionaria.VeiculoVenda::GetMotorizacao()
DA:66,0
FN:66,System.Int32 CarStoreManager.Domain.Entities.Concessionaria.VeiculoVenda::GetAno()
FNDA:0,System.Int32 CarStoreManager.Domain.Entities.Concessionaria.VeiculoVenda::GetAno()
DA:67,0
FN:67,System.Int32 CarStoreManager.Domain.Entities.Concessionaria.VeiculoVenda::GetQuilometragem()
FNDA:0,System.Int32 CarStoreManager.Domain.Entities.Concessionaria.VeiculoVenda::GetQuilometragem()
DA:68,0
FN:68,System.String CarStoreManager.Domain.Entities.Concessionaria.VeiculoVenda::GetPlaca()
FNDA:0,System.String CarStoreManager.Domain.Entities.Concessionaria.VeiculoVenda::GetPlaca()
DA:69,0
FN:69,System.String CarStoreManager.Domain.Entities.Concessionaria.VeiculoVenda::GetCambio()
FNDA:0,System.String CarStoreManager.Domain.Entities.Concessionaria.VeiculoVenda::GetCambio()
DA:70,0
FN:70,System.String CarStoreManager.Domain.Entities.Concessionaria.VeiculoVenda::getCombustivel()
FNDA:0,System.String CarStoreManager.Domain.Entities.Concessionaria.VeiculoVenda::getCombustivel()
DA:71,0
FN:71,System.Decimal CarStoreManager.Domain.Entities.Concessionaria.VeiculoVenda::GetValor()
FNDA:0,System.Decimal CarStoreManager.Domain.Entities.Concessionaria.VeiculoVenda::GetValor()
DA:72,0
FN:73,CarStoreManager.Domain.Enums.AcessoriosVeiculo CarStoreManager.Domain.Entities.Concessionaria.VeiculoVenda::GetAcessoriosVeiculo()
FNDA:0,CarStoreManager.Domain.Enums.AcessoriosVeiculo CarStoreManager.Domain.Entities.Concessionaria.VeiculoVenda::GetAcessoriosVeiculo()
DA:74,0
FN:76,System.Collections.Generic.List`1<System.String> CarStoreManager.Domain.Entities.Concessionaria.VeiculoVenda::GetAcessoriosLista()
FNDA:0,System.Collections.Generic.List`1<System.String> CarStoreManager.Domain.Entities.Concessionaria.VeiculoVenda::GetAcessoriosLista()
DA:77,0
DA:78,0
DA:79,0
DA:80,0
DA:81,0
DA:82,0
FN:88,System.Void CarStoreManager.Domain.Entities.Concessionaria.VeiculoVenda::AlterarMarca(System.String)
FNDA:0,System.Void CarStoreManager.Domain.Entities.Concessionaria.VeiculoVenda::AlterarMarca(System.String)
DA:89,0
DA:90,0
DA:91,0
DA:92,0
DA:93,0
BRDA:90,9,0,0
BRDA:90,9,1,0
FN:95,System.Void CarStoreManager.Domain.Entities.Concessionaria.VeiculoVenda::AlterarModelo(System.String)
FNDA:0,System.Void CarStoreManager.Domain.Entities.Concessionaria.VeiculoVenda::AlterarModelo(System.String)
DA:96,0
DA:97,0
DA:98,0
DA:99,0
DA:100,0
BRDA:97,9,0,0
BRDA:97,9,1,0
FN:102,System.Void CarStoreManager.Domain.Entities.Concessionaria.VeiculoVenda::AlterarCor(System.String)
FNDA:0,System.Void CarStoreManager.Domain.Entities.Concessionaria.VeiculoVenda::AlterarCor(System.String)
DA:103,0
DA:104,0
DA:105,0
DA:106,0
DA:107,0
BRDA:104,9,0,0
BRDA:104,9,1,0
FN:109,System.Void CarStoreManager.Domain.Entities.Concessionaria.VeiculoVenda::AlterarMotorizacao(System.String)
FNDA:0,System.Void CarStoreManager.Domain.Entities.Concessionaria.VeiculoVenda::AlterarMotorizacao(System.String)
DA:110,0
DA:111,0
DA:112,0
DA:113,0
DA:114,0
BRDA:111,9,0,0
BRDA:111,9,1,0
FN:116,System.Void CarStoreManager.Domain.Entities.Concessionaria.VeiculoVenda::AlterarQuilometragem(System.Int32)
FNDA:0,System.Void CarStoreManager.Domain.Entities.Concessionaria.VeiculoVenda::AlterarQuilometragem(System.Int32)
DA:117,0
FN:120,System.Void CarStoreManager.Domain.Entities.Concessionaria.VeiculoVenda::AtualizarValor(CarStoreManager.Domain.ValueObjects.Dinheiro)
FNDA:0,System.Void CarStoreManager.Domain.Entities.Concessionaria.VeiculoVenda::AtualizarValor(CarStoreManager.Domain.ValueObjects.Dinheiro)
DA:121,0
DA:122,0
DA:123,0
DA:124,0
DA:125,0
BRDA:122,19,0,0
BRDA:122,19,1,0
FN:129,System.Void CarStoreManager.Domain.Entities.Concessionaria.VeiculoVenda::AdicionarAcessorio(CarStoreManager.Domain.Enums.AcessoriosVeiculo)
FNDA:0,System.Void CarStoreManager.Domain.Entities.Concessionaria.VeiculoVenda::AdicionarAcessorio(CarStoreManager.Domain.Enums.AcessoriosVeiculo)
DA:130,0
FN:132,System.Void CarStoreManager.Domain.Entities.Concessionaria.VeiculoVenda::RemoverAcessorio(CarStoreManager.Domain.Enums.AcessoriosVeiculo)
FNDA:0,System.Void CarStoreManager.Domain.Entities.Concessionaria.VeiculoVenda::RemoverAcessorio(CarStoreManager.Domain.Enums.AcessoriosVeiculo)
DA:133,0
FN:135,System.Void CarStoreManager.Domain.Entities.Concessionaria.VeiculoVenda::DefinirAcessorios(CarStoreManager.Domain.Enums.AcessoriosVeiculo)
FNDA:0,System.Void CarStoreManager.Domain.Entities.Concessionaria.VeiculoVenda::DefinirAcessorios(CarStoreManager.Domain.Enums.AcessoriosVeiculo)
DA:136,0
FN:139,System.Void CarStoreManager.Domain.Entities.Concessionaria.VeiculoVenda::AlterarDisponibilidade(CarStoreManager.Domain.Enums.DisponibilidadeVeiculo)
FNDA:0,System.Void CarStoreManager.Domain.Entities.Concessionaria.VeiculoVenda::AlterarDisponibilidade(CarStoreManager.Domain.Enums.DisponibilidadeVeiculo)
DA:140,0
FN:142,System.Void CarStoreManager.Domain.Entities.Concessionaria.VeiculoVenda::MarcarComoVendido()
FNDA:0,System.Void CarStoreManager.Domain.Entities.Concessionaria.VeiculoVenda::MarcarComoVendido()
DA:143,0
FN:145,System.Void CarStoreManager.Domain.Entities.Concessionaria.VeiculoVenda::MarcarComoDisponivel()
FNDA:0,System.Void CarStoreManager.Domain.Entities.Concessionaria.VeiculoVenda::MarcarComoDisponivel()
DA:146,0
FN:152,System.Void CarStoreManager.Domain.Entities.Concessionaria.VeiculoVenda::AdicionarFoto(System.String)
FNDA:0,System.Void CarStoreManager.Domain.Entities.Concessionaria.VeiculoVenda::AdicionarFoto(System.String)
DA:153,0
DA:154,0
DA:155,0
DA:156,0
FN:158,System.Void CarStoreManager.Domain.Entities.Concessionaria.VeiculoVenda::RemoverFoto(System.Guid)
FNDA:0,System.Void CarStoreManager.Domain.Entities.Concessionaria.VeiculoVenda::RemoverFoto(System.Guid)
DA:159,0
DA:160,0
DA:161,0
DA:163,0
DA:164,0
DA:165,0
BRDA:160,38,0,0
BRDA:160,38,1,0
FN:169,System.Void CarStoreManager.Domain.Entities.Concessionaria.VeiculoVenda::AtualizarDados(CarStoreManager.Domain.ValueObjects.Dinheiro,CarStoreManager.Domain.Enums.DisponibilidadeVeiculo)
FNDA:0,System.Void CarStoreManager.Domain.Entities.Concessionaria.VeiculoVenda::AtualizarDados(CarStoreManager.Domain.ValueObjects.Dinheiro,CarStoreManager.Domain.Enums.DisponibilidadeVeiculo)
DA:170,0
DA:171,0
DA:172,0
DA:173,0
FN:175,System.Void CarStoreManager.Domain.Entities.Concessionaria.VeiculoVenda::ReordenarFotos()
FNDA:0,System.Void CarStoreManager.Domain.Entities.Concessionaria.VeiculoVenda::ReordenarFotos()
DA:176,0
DA:177,0
DA:178,0
DA:179,0
BRDA:177,44,1,0
BRDA:177,44,0,0
FN:28,System.Void CarStoreManager.Domain.Entities.Concessionaria.VeiculoVenda::.ctor()
FNDA:0,System.Void CarStoreManager.Domain.Entities.Concessionaria.VeiculoVenda::.ctor()
DA:29,0
FN:30,System.Void CarStoreManager.Domain.Entities.Concessionaria.VeiculoVenda::.ctor(System.String,System.String,System.String,System.String,CarStoreManager.Domain.ValueObjects.Ano,CarStoreManager.Domain.ValueObjects.Quilometragem,CarStoreManager.Domain.ValueObjects.PlacaVeiculo,CarStoreManager.Domain.Enums.TipoCambio,CarStoreManager.Domain.Enums.TipoCombustivel,CarStoreManager.Domain.ValueObjects.Dinheiro,CarStoreManager.Domain.Enums.AcessoriosVeiculo)
FNDA:0,System.Void CarStoreManager.Domain.Entities.Concessionaria.VeiculoVenda::.ctor(System.String,System.String,System.String,System.String,CarStoreManager.Domain.ValueObjects.Ano,CarStoreManager.Domain.ValueObjects.Quilometragem,CarStoreManager.Domain.ValueObjects.PlacaVeiculo,CarStoreManager.Domain.Enums.TipoCambio,CarStoreManager.Domain.Enums.TipoCombustivel,CarStoreManager.Domain.ValueObjects.Dinheiro,CarStoreManager.Domain.Enums.AcessoriosVeiculo)
DA:31,0
DA:32,0
DA:33,0
DA:34,0
DA:35,0
DA:36,0
DA:37,0
DA:38,0
DA:39,0
DA:40,0
DA:41,0
DA:42,0
DA:43,0
DA:44,0
DA:45,0
DA:46,0
DA:47,0
DA:49,0
DA:50,0
DA:51,0
DA:53,0
DA:54,0
DA:55,0
DA:56,0
DA:57,0
DA:58,0
BRDA:49,112,0,0
BRDA:49,112,1,0
BRDA:50,136,0,0
BRDA:50,136,1,0
BRDA:51,160,0,0
BRDA:51,160,1,0
BRDA:56,210,0,0
BRDA:56,210,1,0
LF:107
LH:0
BRF:24
BRH:0
FNF:43
FNH:0
end_of_record
SF:D:\Softwares\ProjetoIntegrador\CarStoreManager\Domain\Entities\Concessionaria\Vendedor.cs
FN:9,CarStoreManager.Domain.ValueObjects.DadosFuncionario CarStoreManager.Domain.Entities.Concessionaria.Vendedor::get_DadosFuncionario()
FNDA:0,CarStoreManager.Domain.ValueObjects.DadosFuncionario CarStoreManager.Domain.Entities.Concessionaria.Vendedor::get_DadosFuncionario()
DA:10,0
FN:29,System.String CarStoreManager.Domain.Entities.Concessionaria.Vendedor::GetNivel()
FNDA:0,System.String CarStoreManager.Domain.Entities.Concessionaria.Vendedor::GetNivel()
DA:30,0
FN:31,System.DateTime CarStoreManager.Domain.Entities.Concessionaria.Vendedor::GetDataContratacao()
FNDA:0,System.DateTime CarStoreManager.Domain.Entities.Concessionaria.Vendedor::GetDataContratacao()
DA:32,0
FN:38,System.Void CarStoreManager.Domain.Entities.Concessionaria.Vendedor::AtualizarDadosFuncionario(CarStoreManager.Domain.Enums.NivelFuncionario,System.DateTime)
FNDA:0,System.Void CarStoreManager.Domain.Entities.Concessionaria.Vendedor::AtualizarDadosFuncionario(CarStoreManager.Domain.Enums.NivelFuncionario,System.DateTime)
DA:39,0
FN:11,System.Void CarStoreManager.Domain.Entities.Concessionaria.Vendedor::.ctor()
FNDA:0,System.Void CarStoreManager.Domain.Entities.Concessionaria.Vendedor::.ctor()
DA:12,0
FN:20,System.Void CarStoreManager.Domain.Entities.Concessionaria.Vendedor::.ctor(System.String,CarStoreManager.Domain.ValueObjects.Email,CarStoreManager.Domain.ValueObjects.Telefone,System.String,CarStoreManager.Domain.Enums.NivelFuncionario,System.DateTime)
FNDA:0,System.Void CarStoreManager.Domain.Entities.Concessionaria.Vendedor::.ctor(System.String,CarStoreManager.Domain.ValueObjects.Email,CarStoreManager.Domain.ValueObjects.Telefone,System.String,CarStoreManager.Domain.Enums.NivelFuncionario,System.DateTime)
DA:21,0
DA:22,0
DA:23,0
DA:24,0
LF:9
LH:0
BRF:0
BRH:0
FNF:6
FNH:0
end_of_record
SF:D:\Softwares\ProjetoIntegrador\CarStoreManager\Domain\Base\Entity.cs
FN:4,System.Guid CarStoreManager.Domain.Base.Entity::get_Id()
FNDA:0,System.Guid CarStoreManager.Domain.Base.Entity::get_Id()
DA:5,0
FN:6,System.Guid CarStoreManager.Domain.Base.Entity::GetId()
FNDA:0,System.Guid CarStoreManager.Domain.Base.Entity::GetId()
DA:7,0
LF:2
LH:0
BRF:0
BRH:0
FNF:2
FNH:0
end_of_record